Project:               UDP_SPI_project
File:                  file:/C:/Espressif/examples/ESP8266/UDP_SPI_project/app/driver/gpio_func.c
Language:              GNU C
Index Version:         201.0
Build Configuration:   Default
Context:               file:/C:/Espressif/examples/ESP8266/UDP_SPI_project/app/driver/gpio_func.c
   C, {}
Versions in Index:     1
   C: {}; 0 macros, 3 includes, 347 names;

Include Search Path (option -I):
   C:\MinGW\lib\gcc\mingw32\5.3.0\include
   C:\MinGW\include
   C:\MinGW\lib\gcc\mingw32\5.3.0\include-fixed
   C:\MinGW\mingw32\include
   C:\Espressif\ESP8266_SDK\include\
   C:\Espressif\examples\UDP_SPI_project\app\include
   C:\Espressif\examples\UDP_SPI_project\app\include\driver

Macro definitions (option -D):
   i386=1
   WIN32=1
   WINNT=1
   _cdecl=unsigned char
   _fastcall=__attribute__((__fastcall__))
   _INTEGRAL_MAX_BITS=64
   _REENTRANT=1
   _stdcall=__attribute__((__stdcall__))
   _thiscall=long long int
   _WIN32=1
   _X86_=1
   __ATOMIC_ACQUIRE=2
   __ATOMIC_ACQ_REL=4
   __ATOMIC_CONSUME=1
   __ATOMIC_HLE_ACQUIRE=65536
   __ATOMIC_HLE_RELEASE=131072
   __ATOMIC_RELAXED=0
   __ATOMIC_RELEASE=3
   __ATOMIC_SEQ_CST=5
   __BIGGEST_ALIGNMENT__=16
   __BYTE_ORDER__=__ORDER_LITTLE_ENDIAN__
   __cdecl=__attribute__((__cdecl__))
   __CHAR16_TYPE__=short unsigned int
   __CHAR32_TYPE__=unsigned int
   __CHAR_BIT__=8
   __code_model_32__=1
   __DBL_DECIMAL_DIG__=17
   __DBL_DENORM_MIN__=((double)4.94065645841246544177e-324L)
   __DBL_DIG__=15
   __DBL_EPSILON__=((double)2.22044604925031308085e-16L)
   __DBL_HAS_DENORM__=1
   __DBL_HAS_INFINITY__=1
   __DBL_HAS_QUIET_NAN__=1
   __DBL_MANT_DIG__=53
   __DBL_MAX_10_EXP__=308
   __DBL_MAX_EXP__=1024
   __DBL_MAX__=((double)1.79769313486231570815e+308L)
   __DBL_MIN_10_EXP__=(-307)
   __DBL_MIN_EXP__=(-1021)
   __DBL_MIN__=((double)2.22507385850720138309e-308L)
   __DEC128_EPSILON__=1E-33DL
   __DEC128_MANT_DIG__=34
   __DEC128_MAX_EXP__=6145
   __DEC128_MAX__=9.999999999999999999999999999999999E6144DL
   __DEC128_MIN_EXP__=(-6142)
   __DEC128_MIN__=1E-6143DL
   __DEC128_SUBNORMAL_MIN__=0.000000000000000000000000000000001E-6143DL
   __DEC32_EPSILON__=1E-6DF
   __DEC32_MANT_DIG__=7
   __DEC32_MAX_EXP__=97
   __DEC32_MAX__=9.999999E96DF
   __DEC32_MIN_EXP__=(-94)
   __DEC32_MIN__=1E-95DF
   __DEC32_SUBNORMAL_MIN__=0.000001E-95DF
   __DEC64_EPSILON__=1E-15DD
   __DEC64_MANT_DIG__=16
   __DEC64_MAX_EXP__=385
   __DEC64_MAX__=9.999999999999999E384DD
   __DEC64_MIN_EXP__=(-382)
   __DEC64_MIN__=1E-383DD
   __DEC64_SUBNORMAL_MIN__=0.000000000000001E-383DD
   __DECIMAL_BID_FORMAT__=1
   __DECIMAL_DIG__=21
   __declspec(x)=__attribute__((x))
   __DEC_EVAL_METHOD__=2
   __fastcall=__attribute__((__fastcall__))
   __FINITE_MATH_ONLY__=0
   __FLOAT_WORD_ORDER__=__ORDER_LITTLE_ENDIAN__
   __FLT_DECIMAL_DIG__=9
   __FLT_DENORM_MIN__=1.40129846432481707092e-45F
   __FLT_DIG__=6
   __FLT_EPSILON__=1.19209289550781250000e-7F
   __FLT_EVAL_METHOD__=2
   __FLT_HAS_DENORM__=1
   __FLT_HAS_INFINITY__=1
   __FLT_HAS_QUIET_NAN__=1
   __FLT_MANT_DIG__=24
   __FLT_MAX_10_EXP__=38
   __FLT_MAX_EXP__=128
   __FLT_MAX__=3.40282346638528859812e+38F
   __FLT_MIN_10_EXP__=(-37)
   __FLT_MIN_EXP__=(-125)
   __FLT_MIN__=1.17549435082228750797e-38F
   __FLT_RADIX__=2
   __GCC_ATOMIC_BOOL_LOCK_FREE=2
   __GCC_ATOMIC_CHAR16_T_LOCK_FREE=2
   __GCC_ATOMIC_CHAR32_T_LOCK_FREE=2
   __GCC_ATOMIC_CHAR_LOCK_FREE=2
   __GCC_ATOMIC_INT_LOCK_FREE=2
   __GCC_ATOMIC_LLONG_LOCK_FREE=2
   __GCC_ATOMIC_LONG_LOCK_FREE=2
   __GCC_ATOMIC_POINTER_LOCK_FREE=2
   __GCC_ATOMIC_SHORT_LOCK_FREE=2
   __GCC_ATOMIC_TEST_AND_SET_TRUEVAL=1
   __GCC_ATOMIC_WCHAR_T_LOCK_FREE=2
   __GCC_HAVE_DWARF2_CFI_ASM=1
   __GCC_HAVE_SYNC_COMPARE_AND_SWAP_1=1
   __GCC_HAVE_SYNC_COMPARE_AND_SWAP_2=1
   __GCC_HAVE_SYNC_COMPARE_AND_SWAP_4=1
   __GCC_HAVE_SYNC_COMPARE_AND_SWAP_8=1
   __GCC_IEC_559=2
   __GCC_IEC_559_COMPLEX=2
   __GNUC_MINOR__=3
   __GNUC_PATCHLEVEL__=0
   __GNUC_STDC_INLINE__=1
   __GNUC__=5
   __GXX_ABI_VERSION=1009
   __GXX_MERGED_TYPEINFO_NAMES=0
   __GXX_TYPEINFO_EQUALITY_INLINE=0
   __has_include(STR)=__has_include__(STR)
   __has_include_next(STR)=__has_include_next__(STR)
   __i386=1
   __i386__=1
   __i586=1
   __i586__=1
   __INT16_C(c)=c
   __INT16_MAX__=0x7fff
   __INT16_TYPE__=short int
   __INT32_C(c)=c
   __INT32_MAX__=0x7fffffff
   __INT32_TYPE__=int
   __INT64_C(c)=c ## LL
   __INT64_MAX__=0x7fffffffffffffffLL
   __INT64_TYPE__=long long int
   __INT8_C(c)=c
   __INT8_MAX__=0x7f
   __INT8_TYPE__=signed char
   __INTMAX_C(c)=c ## LL
   __INTMAX_MAX__=0x7fffffffffffffffLL
   __INTMAX_TYPE__=long long int
   __INTPTR_MAX__=0x7fffffff
   __INTPTR_TYPE__=int
   __INT_FAST16_MAX__=0x7fff
   __INT_FAST16_TYPE__=short int
   __INT_FAST32_MAX__=0x7fffffff
   __INT_FAST32_TYPE__=int
   __INT_FAST64_MAX__=0x7fffffffffffffffLL
   __INT_FAST64_TYPE__=long long int
   __INT_FAST8_MAX__=0x7f
   __INT_FAST8_TYPE__=signed char
   __INT_LEAST16_MAX__=0x7fff
   __INT_LEAST16_TYPE__=short int
   __INT_LEAST32_MAX__=0x7fffffff
   __INT_LEAST32_TYPE__=int
   __INT_LEAST64_MAX__=0x7fffffffffffffffLL
   __INT_LEAST8_MAX__=0x7f
   __INT_LEAST8_TYPE__=signed char
   __INT_MAX__=0x7fffffff
   __LDBL_DENORM_MIN__=3.64519953188247460253e-4951L
   __LDBL_DIG__=18
   __LDBL_EPSILON__=1.08420217248550443401e-19L
   __LDBL_HAS_DENORM__=1
   __LDBL_HAS_INFINITY__=1
   __LDBL_HAS_QUIET_NAN__=1
   __LDBL_MANT_DIG__=64
   __LDBL_MAX_10_EXP__=4932
   __LDBL_MAX_EXP__=16384
   __LDBL_MAX__=1.18973149535723176502e+4932L
   __LDBL_MIN_10_EXP__=(-4931)
   __LDBL_MIN_EXP__=(-16381)
   __LDBL_MIN__=3.36210314311209350626e-4932L
   __LONG_LONG_MAX__=0x7fffffffffffffffLL
   __LONG_MAX__=0x7fffffffL
   __MINGW32__=1
   __MSVCRT__=long long unsigned int
   __NO_INLINE__=1
   __ORDER_BIG_ENDIAN__=4321
   __ORDER_LITTLE_ENDIAN__=1234
   __ORDER_PDP_ENDIAN__=3412
   __pentium=1
   __pentium__=1
   __PRAGMA_REDEFINE_EXTNAME=1
   __PTRDIFF_MAX__=0x7fffffff
   __PTRDIFF_TYPE__=int
   __REGISTER_PREFIX__=
   __SCHAR_MAX__=0x7f
   __SHRT_MAX__=0x7fff
   __SIG_ATOMIC_MAX__=0x7fffffff
   __SIG_ATOMIC_MIN__=(-__SIG_ATOMIC_MAX__ - 1)
   __SIG_ATOMIC_TYPE__=int
   __SIZEOF_DOUBLE__=8
   __SIZEOF_FLOAT128__=16
   __SIZEOF_FLOAT80__=12
   __SIZEOF_FLOAT__=4
   __SIZEOF_INT__=4
   __SIZEOF_LONG_DOUBLE__=12
   __SIZEOF_LONG_LONG__=8
   __SIZEOF_LONG__=4
   __SIZEOF_POINTER__=4
   __SIZEOF_PTRDIFF_T__=4
   __SIZEOF_SHORT__=2
   __SIZEOF_SIZE_T__=4
   __SIZEOF_WCHAR_T__=2
   __SIZEOF_WINT_T__=2
   __SIZE_MAX__=0xffffffffU
   __SIZE_TYPE__=unsigned int
   __stdcall=__attribute__((__stdcall__))
   __STDC_HOSTED__=1
   __STDC_UTF_16__=1
   __STDC_UTF_32__=1
   __STDC_VERSION__=201112L
   __STDC__=1
   __thiscall=__attribute__((__thiscall__))
   __UINT16_C(c)=c
   __UINT16_MAX__=0xffff
   __UINT16_TYPE__=short unsigned int
   __UINT32_C(c)=c ## U
   __UINT32_MAX__=0xffffffffU
   __UINT32_TYPE__=unsigned int
   __UINT64_C(c)=c ## ULL
   __UINT64_MAX__=0xffffffffffffffffULL
   __UINT64_TYPE__=long long unsigned int
   __UINT8_C(c)=c
   __UINT8_MAX__=0xff
   __UINT8_TYPE__=unsigned char
   __UINTMAX_C(c)=c ## ULL
   __UINTMAX_MAX__=0xffffffffffffffffULL
   __UINTMAX_TYPE__=long long unsigned int
   __UINTPTR_MAX__=0xffffffffU
   __UINTPTR_TYPE__=unsigned int
   __UINT_FAST16_MAX__=0xffff
   __UINT_FAST16_TYPE__=short unsigned int
   __UINT_FAST32_MAX__=0xffffffffU
   __UINT_FAST32_TYPE__=unsigned int
   __UINT_FAST64_MAX__=0xffffffffffffffffULL
   __UINT_FAST64_TYPE__=long long unsigned int
   __UINT_FAST8_MAX__=0xff
   __UINT_FAST8_TYPE__=unsigned char
   __UINT_LEAST16_MAX__=0xffff
   __UINT_LEAST16_TYPE__=short unsigned int
   __UINT_LEAST32_MAX__=0xffffffffU
   __UINT_LEAST32_TYPE__=unsigned int
   __UINT_LEAST64_MAX__=0xffffffffffffffffULL
   __UINT_LEAST8_MAX__=0xff
   __USER_LABEL_PREFIX__=_
   __VERSION__="5.3.0"
   __WCHAR_MAX__=0xffff
   __WCHAR_MIN__=0
   __WCHAR_TYPE__=short unsigned int
   __WIN32=1
   __WIN32__=1
   __WINNT=1
   __WINNT__=1
   __WINT_MAX__=0xffff
   __WINT_MIN__=0
   __WINT_TYPE__=short unsigned int

Macro definitions (from language + headers in index):
   APB_CLK_FREQ=CPU_CLK_FREQ
   BIT(nr)=(1UL << (nr))
   BIT0=((u32)0x00000001)
   BIT10=((u32)0x00000400)
   BIT11=((u32)0x00000800)
   BIT12=((u32)0x00001000)
   BIT13=((u32)0x00002000)
   BIT14=((u32)0x00004000)
   BIT15=((u32)0x00008000)
   BIT16=((u32)0x00010000)
   BIT17=((u32)0x00020000)
   BIT18=((u32)0x00040000)
   BIT19=((u32)0x00080000)
   BIT1=((u32)0x00000002)
   BIT20=((u32)0x00100000)
   BIT21=((u32)0x00200000)
   BIT22=((u32)0x00400000)
   BIT23=((u32)0x00800000)
   BIT24=((u32)0x01000000)
   BIT25=((u32)0x02000000)
   BIT26=((u32)0x04000000)
   BIT27=((u32)0x08000000)
   BIT28=((u32)0x10000000)
   BIT29=((u32)0x20000000)
   BIT2=((u32)0x00000004)
   BIT30=((u32)0x40000000)
   BIT31=((u32)0x80000000)
   BIT3=((u32)0x00000008)
   BIT4=((u32)0x00000010)
   BIT5=((u32)0x00000020)
   BIT6=((u32)0x00000040)
   BIT7=((u32)0x00000080)
   BIT8=((u32)0x00000100)
   BIT9=((u32)0x00000200)
   BOOL=bool
   CLEAR_PERI_REG_MASK(reg,mask)=WRITE_PERI_REG((reg), (READ_PERI_REG(reg)&(~(mask))))
   CPU_CLK_FREQ=80*1000000
   DMEM_ATTR=__attribute__((section(".bss")))
   DPORT=((DPORT_typedef *)DPORT_BaseAddress)
   DPORT_BaseAddress=0x3FF00000
   DPORT_CONTROL_DISABLE_MASK=((u32)0x0000007E)
   DPORT_NMI_INT_RESET_VALUE=((u32)0x00000000)
   DPORT_REG10_SPI1_HI_PRIOR=((u32)0x00000020)
   DPORT_REG10_SWAP_SPI=((u32)0x00000002)
   DPORT_REG10_SWAP_UART0=((u32)0x00000004)
   DPORT_REG10_SWAP_UART1=((u32)0x00000008)
   DPORT_REG10_SWAP_UART=((u32)0x00000001)
   DPORT_REG10_TWO_ON_CSPI=((u32)0x00000080)
   DPORT_REG10_TWO_ON_SPI1=((u32)0x00000040)
   DPORT_REG11_TX_DESC_DEBUG=((u32)0x0000CCCC)
   DPORT_REG1_TIMER0_EDGE_IN_EN=((u32)0x00000002)
   DPORT_REG1_WDT_EDGE_IN_EN=((u32)0x00000001)
   DPORT_REG3_CASHE_EMPTY=((u32)0x00000002)
   DPORT_REG3_CASHE_FLUSH_START=((u32)0x00000001)
   DPORT_REG3_WAIT_SPI_IDLE=((u32)0x00000200)
   DPORT_REG5_CLK_PRE=((u32)0x00000001)
   DPORT_REG6_CLKGATE_WDT_OFF=((u32)0x00000008)
   DPORT_REG6_CLKGATE_WDT_ON=((u32)0x00000077)
   DPORT_REG8_I2S_ISR=((u32)0x00000200)
   DPORT_REG8_SPI0_ISR=((u32)0x00000010)
   DPORT_REG8_SPI1_ISR=((u32)0x00000080)
   DPORT_REG8_UART0_ISR=((u32)0x00000001)
   DPORT_REG8_UART1_ISR=((u32)0x00000004)
   DPORT_REG9_SPI_8000=((u32)0x00000080)
   DPORT_REG9_SPI_C000=((u32)0x00000100)
   DR_REG_I2S_BASE=(0x60000e00)
   EDGE_INT_ENABLE_REG=(PERIPHS_DPORT_BASEADDR+0x04)
   ETS_CACHED_ADDR(addr)=(addr)
   ETS_FRC1_INTR_DISABLE()=ETS_INTR_DISABLE(ETS_FRC_TIMER1_INUM)
   ETS_FRC1_INTR_ENABLE()=ETS_INTR_ENABLE(ETS_FRC_TIMER1_INUM)
   ETS_FRC_TIMER1_INTR_ATTACH(func,arg)=ets_isr_attach(ETS_FRC_TIMER1_INUM, (func), (void *)(arg))
   ETS_FRC_TIMER1_INUM=9
   ETS_FRC_TIMER1_NMI_INTR_ATTACH(func)=NmiTimSetFunc(func)
   ETS_GPIO_INTR_ATTACH(func,arg)=ets_isr_attach(ETS_GPIO_INUM, (func), (void *)(arg))
   ETS_GPIO_INTR_DISABLE()=ETS_INTR_DISABLE(ETS_GPIO_INUM)
   ETS_GPIO_INTR_ENABLE()=ETS_INTR_ENABLE(ETS_GPIO_INUM)
   ETS_GPIO_INUM=4
   ETS_INTR_DISABLE(inum)=ets_isr_mask((1<<inum))
   ETS_INTR_ENABLE(inum)=ets_isr_unmask((1<<inum))
   ETS_INTR_LOCK()=ets_intr_lock()
   ETS_INTR_UNLOCK()=ets_intr_unlock()
   ETS_SDIO_INTR_ATTACH(func,arg)=ets_isr_attach(ETS_SDIO_INUM, (func), (void *)(arg))
   ETS_SDIO_INTR_DISABLE()=ETS_INTR_DISABLE(ETS_SDIO_INUM)
   ETS_SDIO_INTR_ENABLE()=ETS_INTR_ENABLE(ETS_SDIO_INUM)
   ETS_SDIO_INUM=1
   ETS_SPI_INTR_ATTACH(func,arg)=ets_isr_attach(ETS_SPI_INUM, (func), (void *)(arg))
   ETS_SPI_INTR_DISABLE()=ETS_INTR_DISABLE(ETS_SPI_INUM)
   ETS_SPI_INTR_ENABLE()=ETS_INTR_ENABLE(ETS_SPI_INUM)
   ETS_SPI_INUM=2
   ETS_UART1_INUM=5
   ETS_UART_INTR_ATTACH(func,arg)=ets_isr_attach(ETS_UART_INUM, (func), (void *)(arg))
   ETS_UART_INTR_DISABLE()=ETS_INTR_DISABLE(ETS_UART_INUM)
   ETS_UART_INTR_ENABLE()=ETS_INTR_ENABLE(ETS_UART_INUM)
   ETS_UART_INUM=5
   ETS_UNCACHED_ADDR(addr)=(addr)
   false=(0)
   FALSE=false
   FRC1_CONTROL_RESET_VALUE=((u32)0x00000000)
   FRC1_COUNT_ADDRESS=0x04
   FRC1_COUNT_DATA_MASK=((u32)0x007FFFFF)
   FRC1_COUNT_RESET_VALUE=((u32)0x007FFFFF)
   FRC1_CTRL_ADDRESS=0x08
   FRC1_CTRL_DATA_MASK=((u32)0x000001FF)
   FRC1_INT_ADDRESS=0x0c
   FRC1_INT_CLR_MASK=((u32)0x00000001)
   FRC1_INT_RESET_VALUE=((u32)0x00000000)
   FRC1_LOAD_ADDRESS=0x00
   FRC1_LOAD_DATA_MASK=((u32)0x007FFFFF)
   FRC1_LOAD_RESET_VALUE=((u32)0x00000000)
   FRC2_ALARM_RESET_VALUE=((u32)0x00000000)
   FRC2_CONTROL_RESET_VALUE=((u32)0x00000000)
   FRC2_COUNT_ADDRESS=0x24
   FRC2_COUNT_RESET_VALUE=((u32)0xFFFFFFFF)
   FRC2_CTRL_DATA_MASK=((u32)0x000001FF)
   FRC2_INT_CLR_MASK=((u32)0x00000001)
   FRC2_INT_RESET_VALUE=((u32)0x00000000)
   FRC2_LOAD_RESET_VALUE=((u32)0x00000000)
   FUNC_GPIO0=0
   FUNC_GPIO10=3
   FUNC_GPIO12=3
   FUNC_GPIO13=3
   FUNC_GPIO14=3
   FUNC_GPIO15=3
   FUNC_GPIO1=3
   FUNC_GPIO2=0
   FUNC_GPIO3=3
   FUNC_GPIO4=0
   FUNC_GPIO5=0
   FUNC_GPIO9=3
   FUNC_SDCLK=0
   FUNC_SDCMD=0
   FUNC_SDDATA0=0
   FUNC_SDDATA1=0
   FUNC_SDDATA1_U1RXD=7
   FUNC_SDDATA2=0
   FUNC_SDDATA3=0
   FUNC_SPICLK=1
   FUNC_SPICS0=1
   FUNC_SPID=1
   FUNC_SPIHD=1
   FUNC_SPIQ=1
   FUNC_SPIWP=1
   FUNC_U0RTS=4
   FUNC_U0TXD=0
   FUNC_U0TXD_BK=4
   FUNC_U1RXD=4
   FUNC_U1TXD=4
   FUNC_U1TXD_BK=2
   GET_PERI_REG_BITS(reg,hipos,lowpos)=((READ_PERI_REG(reg)>>(lowpos))&((1<<((hipos)-(lowpos)+1))-1))
   GPIO0_FUNC_CLKOUT=GPIO_MUX_FUNC_4
   GPIO0_FUNC_GPIO=GPIO_MUX_FUNC_0
   GPIO0_FUNC_SPI0_CS2=GPIO_MUX_FUNC_1
   GPIO10_FUNC_GPIO=GPIO_MUX_FUNC_3
   GPIO10_FUNC_SD_DATA3=GPIO_MUX_FUNC_0
   GPIO10_FUNC_SPI0_WP=GPIO_MUX_FUNC_1
   GPIO10_FUNC_SPI1_WP=GPIO_MUX_FUNC_4
   GPIO11_FUNC_GPIO=GPIO_MUX_FUNC_3
   GPIO11_FUNC_SD_CMD=GPIO_MUX_FUNC_0
   GPIO11_FUNC_SPI0_CS0=GPIO_MUX_FUNC_1
   GPIO11_FUNC_U1RTS=GPIO_MUX_FUNC_4
   GPIO12_FUNC_GPIO=GPIO_MUX_FUNC_3
   GPIO12_FUNC_I2SI_DATA=GPIO_MUX_FUNC_1
   GPIO12_FUNC_MTDI=GPIO_MUX_FUNC_0
   GPIO12_FUNC_SPI1_Q_MISO=GPIO_MUX_FUNC_2
   GPIO12_FUNC_U0DTR=GPIO_MUX_FUNC_4
   GPIO13_FUNC_GPIO=GPIO_MUX_FUNC_3
   GPIO13_FUNC_I2SI_BCK=GPIO_MUX_FUNC_1
   GPIO13_FUNC_MTCK=GPIO_MUX_FUNC_0
   GPIO13_FUNC_SPI1_D_MOSI=GPIO_MUX_FUNC_2
   GPIO13_FUNC_U0CTS=GPIO_MUX_FUNC_4
   GPIO14_FUNC_GPIO=GPIO_MUX_FUNC_3
   GPIO14_FUNC_I2SI_WS=GPIO_MUX_FUNC_1
   GPIO14_FUNC_MTMS=GPIO_MUX_FUNC_0
   GPIO14_FUNC_SPI1_CLK=GPIO_MUX_FUNC_2
   GPIO14_FUNC_U0DSR=GPIO_MUX_FUNC_4
   GPIO15_FUNC_GPIO=GPIO_MUX_FUNC_3
   GPIO15_FUNC_I2SO_BCK=GPIO_MUX_FUNC_1
   GPIO15_FUNC_MTDO=GPIO_MUX_FUNC_0
   GPIO15_FUNC_SPI1_CS=GPIO_MUX_FUNC_2
   GPIO15_FUNC_U0RTS=GPIO_MUX_FUNC_4
   GPIO16_FUNC_BT_XTAL_EN=GPIO16_MUX_FUNC_4
   GPIO16_FUNC_DEEP_SLEEP=GPIO16_MUX_FUNC_3
   GPIO16_FUNC_EXT_WAKEUP=GPIO16_MUX_FUNC_2
   GPIO16_FUNC_RTC_GPIO0=GPIO16_MUX_FUNC_1
   GPIO16_FUNC_XPD_DCDC=GPIO16_MUX_FUNC_0
   GPIO16_MUX_=FUNC_SEL2 ((u32)0x00000040)
   GPIO16_MUX_FUNC_0=((u32)0x00000000)
   GPIO16_MUX_FUNC_1=((u32)0x00000001)
   GPIO16_MUX_FUNC_2=((u32)0x00000002)
   GPIO16_MUX_FUNC_3=((u32)0x00000003)
   GPIO16_MUX_FUNC_4=((u32)0x00000040)
   GPIO16_MUX_FUNC_MASK=((u32)0x00000043)
   GPIO16_MUX_FUNC_SEL0=((u32)0x00000001)
   GPIO16_MUX_FUNC_SEL1=((u32)0x00000002)
   GPIO16_MUX_PULLDOWN=((u32)0x00000008)
   GPIO16_MUX_SLEEP_PULLDOWN=((u32)0x00000020)
   GPIO1_FUNC_CLKRTC=GPIO_MUX_FUNC_4
   GPIO1_FUNC_GPIO=GPIO_MUX_FUNC_3
   GPIO1_FUNC_SPI0_CS1=GPIO_MUX_FUNC_1
   GPIO1_FUNC_U0TXD=GPIO_MUX_FUNC_0
   GPIO2_FUNC_GPIO=GPIO_MUX_FUNC_0
   GPIO2_FUNC_I2SO_WS=GPIO_MUX_FUNC_1
   GPIO2_FUNC_U0TXD=GPIO_MUX_FUNC_4
   GPIO2_FUNC_U1TXD=GPIO_MUX_FUNC_2
   GPIO3_FUNC_CLK_XTAL=GPIO_MUX_FUNC_4
   GPIO3_FUNC_GPIO=GPIO_MUX_FUNC_3
   GPIO3_FUNC_I2SO_DATA=GPIO_MUX_FUNC_1
   GPIO3_FUNC_U0RXD=GPIO_MUX_FUNC_0
   GPIO4_FUNC_CLK_XTAL=GPIO_MUX_FUNC_1
   GPIO4_FUNC_GPIO=GPIO_MUX_FUNC_0
   GPIO5_FUNC_CLK_RTC=GPIO_MUX_FUNC_1
   GPIO5_FUNC_GPIO=GPIO_MUX_FUNC_0
   GPIO6_FUNC_GPIO=GPIO_MUX_FUNC_3
   GPIO6_FUNC_SD_CLK=GPIO_MUX_FUNC_0
   GPIO6_FUNC_SPI0_CLK=GPIO_MUX_FUNC_1
   GPIO6_FUNC_U1CTS=GPIO_MUX_FUNC_4
   GPIO7_FUNC_GPIO=GPIO_MUX_FUNC_3
   GPIO7_FUNC_SD_DATA0=GPIO_MUX_FUNC_0
   GPIO7_FUNC_SPI0_Q=GPIO_MUX_FUNC_1
   GPIO7_FUNC_U1TXD=GPIO_MUX_FUNC_4
   GPIO8_FUNC_GPIO=GPIO_MUX_FUNC_3
   GPIO8_FUNC_SD_DATA1=GPIO_MUX_FUNC_0
   GPIO8_FUNC_SPI0_D=GPIO_MUX_FUNC_1
   GPIO8_FUNC_U1RXD=GPIO_MUX_FUNC_4
   GPIO9_FUNC_GPIO=GPIO_MUX_FUNC_3
   GPIO9_FUNC_SD_DATA2=GPIO_MUX_FUNC_0
   GPIO9_FUNC_SPI0_HD=GPIO_MUX_FUNC_1
   GPIO9_FUNC_SPI1_HD=GPIO_MUX_FUNC_4
   GPIO=((GPIO_typedef *)GPIO_BaseAddress)
   GPIO_AS_INPUT(gpio_bits)=(GPIO->enable_w1tc = gpio_bits)
   GPIO_AS_OUTPUT(gpio_bits)=(GPIO->enable_w1ts = gpio_bits)
   GPIO_BaseAddress=0x60000300
   GPIO_BT_SEL=0x0000FFFF
   GPIO_BT_SEL_S=16
   GPIO_DIS_OUTPUT(gpio_no)=(GPIO->enable_w1tc = 1<<gpio_no)
   GPIO_ENABLE_ADDRESS=0x0c
   GPIO_ENABLE_DATA=0x0000FFFF
   GPIO_ENABLE_DATA_DATA_MASK=0x0000FFFF
   GPIO_ENABLE_DATA_S=0
   GPIO_ENABLE_DATA_W1TC=0x0000FFFF
   GPIO_ENABLE_DATA_W1TC_S=0
   GPIO_ENABLE_DATA_W1TS=0x0000FFFF
   GPIO_ENABLE_DATA_W1TS_s=0
   GPIO_ENABLE_MASK=((u32)0x0000FFFF)
   GPIO_ENABLE_PIN_0=((u32)0x00000001)
   GPIO_ENABLE_PIN_10=((u32)0x00000400)
   GPIO_ENABLE_PIN_11=((u32)0x00000800)
   GPIO_ENABLE_PIN_12=((u32)0x00001000)
   GPIO_ENABLE_PIN_13=((u32)0x00002000)
   GPIO_ENABLE_PIN_14=((u32)0x00004000)
   GPIO_ENABLE_PIN_15=((u32)0x00008000)
   GPIO_ENABLE_PIN_1=((u32)0x00000002)
   GPIO_ENABLE_PIN_2=((u32)0x00000004)
   GPIO_ENABLE_PIN_3=((u32)0x00000008)
   GPIO_ENABLE_PIN_4=((u32)0x00000010)
   GPIO_ENABLE_PIN_5=((u32)0x00000020)
   GPIO_ENABLE_PIN_6=((u32)0x00000040)
   GPIO_ENABLE_PIN_7=((u32)0x00000080)
   GPIO_ENABLE_PIN_8=((u32)0x00000100)
   GPIO_ENABLE_PIN_9=((u32)0x00000200)
   GPIO_ENABLE_RESET_VALUE=((u32)0x00000000)
   GPIO_ENABLE_W1TC_ADDRESS=0x14
   GPIO_ENABLE_W1TC_MASK=((u32)0x0000FFFF)
   GPIO_ENABLE_W1TC_PIN_0=((u32)0x00000001)
   GPIO_ENABLE_W1TC_PIN_10=((u32)0x00000400)
   GPIO_ENABLE_W1TC_PIN_11=((u32)0x00000800)
   GPIO_ENABLE_W1TC_PIN_12=((u32)0x00001000)
   GPIO_ENABLE_W1TC_PIN_13=((u32)0x00002000)
   GPIO_ENABLE_W1TC_PIN_14=((u32)0x00004000)
   GPIO_ENABLE_W1TC_PIN_15=((u32)0x00008000)
   GPIO_ENABLE_W1TC_PIN_1=((u32)0x00000002)
   GPIO_ENABLE_W1TC_PIN_2=((u32)0x00000004)
   GPIO_ENABLE_W1TC_PIN_3=((u32)0x00000008)
   GPIO_ENABLE_W1TC_PIN_4=((u32)0x00000010)
   GPIO_ENABLE_W1TC_PIN_5=((u32)0x00000020)
   GPIO_ENABLE_W1TC_PIN_6=((u32)0x00000040)
   GPIO_ENABLE_W1TC_PIN_7=((u32)0x00000080)
   GPIO_ENABLE_W1TC_PIN_8=((u32)0x00000100)
   GPIO_ENABLE_W1TC_PIN_9=((u32)0x00000200)
   GPIO_ENABLE_W1TC_RESET_VALUE=((u32)0x00000000)
   GPIO_ENABLE_W1TS_ADDRESS=0x10
   GPIO_ENABLE_W1TS_MASK=((u32)0x0000FFFF)
   GPIO_ENABLE_W1TS_PIN_0=((u32)0x00000001)
   GPIO_ENABLE_W1TS_PIN_10=((u32)0x00000400)
   GPIO_ENABLE_W1TS_PIN_11=((u32)0x00000800)
   GPIO_ENABLE_W1TS_PIN_12=((u32)0x00001000)
   GPIO_ENABLE_W1TS_PIN_13=((u32)0x00002000)
   GPIO_ENABLE_W1TS_PIN_14=((u32)0x00004000)
   GPIO_ENABLE_W1TS_PIN_15=((u32)0x00008000)
   GPIO_ENABLE_W1TS_PIN_1=((u32)0x00000002)
   GPIO_ENABLE_W1TS_PIN_2=((u32)0x00000004)
   GPIO_ENABLE_W1TS_PIN_3=((u32)0x00000008)
   GPIO_ENABLE_W1TS_PIN_4=((u32)0x00000010)
   GPIO_ENABLE_W1TS_PIN_5=((u32)0x00000020)
   GPIO_ENABLE_W1TS_PIN_6=((u32)0x00000040)
   GPIO_ENABLE_W1TS_PIN_7=((u32)0x00000080)
   GPIO_ENABLE_W1TS_PIN_8=((u32)0x00000100)
   GPIO_ENABLE_W1TS_PIN_9=((u32)0x00000200)
   GPIO_ENABLE_W1TS_RESET_VALUE=((u32)0x00000000)
   GPIO_ID_IS_PIN_REGISTER(reg_id)=((reg_id >= GPIO_ID_PIN0) && (reg_id <= GPIO_ID_PIN(GPIO_PIN_COUNT-1)))
   GPIO_ID_NONE=0xFFFFFFFF
   GPIO_ID_PIN(n)=(GPIO_ID_PIN0+(n))
   GPIO_ID_PIN0=0
   GPIO_INPUT_GET(gpio_no)=((GPIO->in >> gpio_no) & BIT0)
   GPIO_INT_STATUS_MASK=((u32)0x0000FFFF)
   GPIO_INT_STATUS_PIN_0=((u32)0x00000001)
   GPIO_INT_STATUS_PIN_10=((u32)0x00000400)
   GPIO_INT_STATUS_PIN_11=((u32)0x00000800)
   GPIO_INT_STATUS_PIN_12=((u32)0x00001000)
   GPIO_INT_STATUS_PIN_13=((u32)0x00002000)
   GPIO_INT_STATUS_PIN_14=((u32)0x00004000)
   GPIO_INT_STATUS_PIN_15=((u32)0x00008000)
   GPIO_INT_STATUS_PIN_1=((u32)0x00000002)
   GPIO_INT_STATUS_PIN_2=((u32)0x00000004)
   GPIO_INT_STATUS_PIN_3=((u32)0x00000008)
   GPIO_INT_STATUS_PIN_4=((u32)0x00000010)
   GPIO_INT_STATUS_PIN_5=((u32)0x00000020)
   GPIO_INT_STATUS_PIN_6=((u32)0x00000040)
   GPIO_INT_STATUS_PIN_7=((u32)0x00000080)
   GPIO_INT_STATUS_PIN_8=((u32)0x00000100)
   GPIO_INT_STATUS_PIN_9=((u32)0x00000200)
   GPIO_IN_ADDRESS=0x18
   GPIO_IN_DATA=0x0000FFFF
   GPIO_IN_DATA_MASK=((u32)0x0000FFFF)
   GPIO_IN_DATA_PIN_0=((u32)0x00000001)
   GPIO_IN_DATA_PIN_10=((u32)0x00000400)
   GPIO_IN_DATA_PIN_11=((u32)0x00000800)
   GPIO_IN_DATA_PIN_12=((u32)0x00001000)
   GPIO_IN_DATA_PIN_13=((u32)0x00002000)
   GPIO_IN_DATA_PIN_14=((u32)0x00004000)
   GPIO_IN_DATA_PIN_15=((u32)0x00008000)
   GPIO_IN_DATA_PIN_1=((u32)0x00000002)
   GPIO_IN_DATA_PIN_2=((u32)0x00000004)
   GPIO_IN_DATA_PIN_3=((u32)0x00000008)
   GPIO_IN_DATA_PIN_4=((u32)0x00000010)
   GPIO_IN_DATA_PIN_5=((u32)0x00000020)
   GPIO_IN_DATA_PIN_6=((u32)0x00000040)
   GPIO_IN_DATA_PIN_7=((u32)0x00000080)
   GPIO_IN_DATA_PIN_8=((u32)0x00000100)
   GPIO_IN_DATA_PIN_9=((u32)0x00000200)
   GPIO_IN_DATA_S=0
   GPIO_IN_RESET_VALUE=((u32)0x00000000)
   GPIO_IN_STRAPPING_MASK=((u32)0xFFFF0000)
   GPIO_IN_STRAPPING_PIN_0=((u32)0x00010000)
   GPIO_IN_STRAPPING_PIN_10=((u32)0x04000000)
   GPIO_IN_STRAPPING_PIN_11=((u32)0x08000000)
   GPIO_IN_STRAPPING_PIN_12=((u32)0x10000000)
   GPIO_IN_STRAPPING_PIN_13=((u32)0x20000000)
   GPIO_IN_STRAPPING_PIN_14=((u32)0x40000000)
   GPIO_IN_STRAPPING_PIN_15=((u32)0x80000000)
   GPIO_IN_STRAPPING_PIN_1=((u32)0x00020000)
   GPIO_IN_STRAPPING_PIN_2=((u32)0x00040000)
   GPIO_IN_STRAPPING_PIN_3=((u32)0x00080000)
   GPIO_IN_STRAPPING_PIN_4=((u32)0x00100000)
   GPIO_IN_STRAPPING_PIN_5=((u32)0x00200000)
   GPIO_IN_STRAPPING_PIN_6=((u32)0x00400000)
   GPIO_IN_STRAPPING_PIN_7=((u32)0x00800000)
   GPIO_IN_STRAPPING_PIN_8=((u32)0x01000000)
   GPIO_IN_STRAPPING_PIN_9=((u32)0x02000000)
   GPIO_LAST_REGISTER_ID=GPIO_ID_PIN(15)
   GPIO_MUX_CFG_MAGIC=((u32)0x00000105)
   GPIO_MUX_CFG_RESET_VALUE=((u32)0x00000000)
   GPIO_MUX_CFG_SPI0_0=((u32)0x00000001)
   GPIO_MUX_CFG_SPI0_2=((u32)0x00000004)
   GPIO_MUX_CFG_SPI0_SYS_CLK=((u32)0x00000100)
   GPIO_MUX_CFG_SPI1_SYS_CLK=((u32)0x00000200)
   GPIO_MUX_FUNC_0=((u32)0x00000000)
   GPIO_MUX_FUNC_1=((u32)0x00000010)
   GPIO_MUX_FUNC_2=((u32)0x00000020)
   GPIO_MUX_FUNC_3=((u32)0x00000030)
   GPIO_MUX_FUNC_4=((u32)0x00000100)
   GPIO_MUX_FUNC_MASK=((u32)0x00000130)
   GPIO_MUX_FUNC_SEL0=((u32)0x00000010)
   GPIO_MUX_FUNC_SEL1=((u32)0x00000020)
   GPIO_MUX_FUNC_SEL2=((u32)0x00000100)
   GPIO_MUX_GPIO0_RESET_VALUE=((u32)0x00000000)
   GPIO_MUX_GPIO10_RESET_VALUE=((u32)0x00000000)
   GPIO_MUX_GPIO11_RESET_VALUE=((u32)0x00000000)
   GPIO_MUX_GPIO12_RESET_VALUE=((u32)0x00000000)
   GPIO_MUX_GPIO13_RESET_VALUE=((u32)0x00000000)
   GPIO_MUX_GPIO14_RESET_VALUE=((u32)0x00000000)
   GPIO_MUX_GPIO15_RESET_VALUE=((u32)0x00000000)
   GPIO_MUX_GPIO1_RESET_VALUE=((u32)0x00000000)
   GPIO_MUX_GPIO2_RESET_VALUE=((u32)0x00000000)
   GPIO_MUX_GPIO3_RESET_VALUE=((u32)0x00000000)
   GPIO_MUX_GPIO4_RESET_VALUE=((u32)0x00000000)
   GPIO_MUX_GPIO5_RESET_VALUE=((u32)0x00000000)
   GPIO_MUX_GPIO6_RESET_VALUE=((u32)0x00000000)
   GPIO_MUX_GPIO7_RESET_VALUE=((u32)0x00000000)
   GPIO_MUX_GPIO8_RESET_VALUE=((u32)0x00000000)
   GPIO_MUX_GPIO9_RESET_VALUE=((u32)0x00000000)
   GPIO_MUX_PULLUP2=((u32)0x00000040)
   GPIO_MUX_PULLUP=((u32)0x00000080)
   GPIO_MUX_SLEEP_OE=((u32)0x00000001)
   GPIO_MUX_SLEEP_PULLUP2=((u32)0x00000004)
   GPIO_MUX_SLEEP_PULLUP=((u32)0x00000008)
   GPIO_MUX_SLEEP_SEL=((u32)0x00000002)
   GPIO_OUTPUT(gpio_bits,bit_value)=if(bit_value) gpio_output_conf (gpio_bits, 0, gpio_bits, 0); else gpio_output_conf (0, gpio_bits, gpio_bits, 0)
   GPIO_OUTPUT_SET=(gpio_no, bit_value) do { GPIO->out_w1ts = bit_value << gpio_no; GPIO->out_w1tc = ((~bit_value) & 0x01) << gpio_no; GPIO->enable_w1ts = 1 << gpio_no; } while (0)
   GPIO_OUT_ADDRESS=0x00
   GPIO_OUT_BT_SEL_MASK=((u32)0xFFFF0000)
   GPIO_OUT_DATA=0x0000FFFF
   GPIO_OUT_DATA_MASK=((u32)0x0000FFFF)
   GPIO_OUT_DATA_PIN_0=((u32)0x00000001)
   GPIO_OUT_DATA_PIN_10=((u32)0x00000400)
   GPIO_OUT_DATA_PIN_11=((u32)0x00000800)
   GPIO_OUT_DATA_PIN_12=((u32)0x00001000)
   GPIO_OUT_DATA_PIN_13=((u32)0x00002000)
   GPIO_OUT_DATA_PIN_14=((u32)0x00004000)
   GPIO_OUT_DATA_PIN_15=((u32)0x00008000)
   GPIO_OUT_DATA_PIN_1=((u32)0x00000002)
   GPIO_OUT_DATA_PIN_2=((u32)0x00000004)
   GPIO_OUT_DATA_PIN_3=((u32)0x00000008)
   GPIO_OUT_DATA_PIN_4=((u32)0x00000010)
   GPIO_OUT_DATA_PIN_5=((u32)0x00000020)
   GPIO_OUT_DATA_PIN_6=((u32)0x00000040)
   GPIO_OUT_DATA_PIN_7=((u32)0x00000080)
   GPIO_OUT_DATA_PIN_8=((u32)0x00000100)
   GPIO_OUT_DATA_PIN_9=((u32)0x00000200)
   GPIO_OUT_DATA_S=0
   GPIO_OUT_DATA_W1TC=0x0000FFFF
   GPIO_OUT_DATA_W1TC_S=0
   GPIO_OUT_DATA_W1TS=0x0000FFFF
   GPIO_OUT_DATA_W1TS_S=0
   GPIO_OUT_RESET_VALUE=((u32)0x00000000)
   GPIO_OUT_W1TC_ADDRESS=0x08
   GPIO_OUT_W1TC_MASK=((u32)0x0000FFFF)
   GPIO_OUT_W1TC_PIN_0=((u32)0x00000001)
   GPIO_OUT_W1TC_PIN_10=((u32)0x00000400)
   GPIO_OUT_W1TC_PIN_11=((u32)0x00000800)
   GPIO_OUT_W1TC_PIN_12=((u32)0x00001000)
   GPIO_OUT_W1TC_PIN_13=((u32)0x00002000)
   GPIO_OUT_W1TC_PIN_14=((u32)0x00004000)
   GPIO_OUT_W1TC_PIN_15=((u32)0x00008000)
   GPIO_OUT_W1TC_PIN_1=((u32)0x00000002)
   GPIO_OUT_W1TC_PIN_2=((u32)0x00000004)
   GPIO_OUT_W1TC_PIN_3=((u32)0x00000008)
   GPIO_OUT_W1TC_PIN_4=((u32)0x00000010)
   GPIO_OUT_W1TC_PIN_5=((u32)0x00000020)
   GPIO_OUT_W1TC_PIN_6=((u32)0x00000040)
   GPIO_OUT_W1TC_PIN_7=((u32)0x00000080)
   GPIO_OUT_W1TC_PIN_8=((u32)0x00000100)
   GPIO_OUT_W1TC_PIN_9=((u32)0x00000200)
   GPIO_OUT_W1TC_RESET_VALUE=((u32)0x00000000)
   GPIO_OUT_W1TS_ADDRESS=0x04
   GPIO_OUT_W1TS_MASK=((u32)0x0000FFFF)
   GPIO_OUT_W1TS_PIN_0=((u32)0x00000001)
   GPIO_OUT_W1TS_PIN_10=((u32)0x00000400)
   GPIO_OUT_W1TS_PIN_11=((u32)0x00000800)
   GPIO_OUT_W1TS_PIN_12=((u32)0x00001000)
   GPIO_OUT_W1TS_PIN_13=((u32)0x00002000)
   GPIO_OUT_W1TS_PIN_14=((u32)0x00004000)
   GPIO_OUT_W1TS_PIN_15=((u32)0x00008000)
   GPIO_OUT_W1TS_PIN_1=((u32)0x00000002)
   GPIO_OUT_W1TS_PIN_2=((u32)0x00000004)
   GPIO_OUT_W1TS_PIN_3=((u32)0x00000008)
   GPIO_OUT_W1TS_PIN_4=((u32)0x00000010)
   GPIO_OUT_W1TS_PIN_5=((u32)0x00000020)
   GPIO_OUT_W1TS_PIN_6=((u32)0x00000040)
   GPIO_OUT_W1TS_PIN_7=((u32)0x00000080)
   GPIO_OUT_W1TS_PIN_8=((u32)0x00000100)
   GPIO_OUT_W1TS_PIN_9=((u32)0x00000200)
   GPIO_OUT_W1TS_RESET_VALUE=((u32)0x00000000)
   GPIO_PAD_DRIVER_DISABLE=(~GPIO_PAD_DRIVER_ENABLE)
   GPIO_PAD_DRIVER_ENABLE=1
   GPIO_PIN0_ADDRESS=0x28
   GPIO_PIN0_CONFIG=0x00000003
   GPIO_PIN0_CONFIG_S=11
   GPIO_PIN0_DRIVER=BIT2
   GPIO_PIN0_DRIVER_S=2
   GPIO_PIN0_INT_TYPE=0x00000007
   GPIO_PIN0_INT_TYPE_S=7
   GPIO_PIN0_RESET_VALUE=((u32)0x00000000)
   GPIO_PIN0_SOURCE=BIT0
   GPIO_PIN0_SOURCE_S=0
   GPIO_PIN0_WAKEUP_ENABLE=BIT10
   GPIO_PIN0_WAKEUP_ENABLE_S=10
   GPIO_PIN10_ADDRESS=0x50
   GPIO_PIN10_CONFIG=0x00000003
   GPIO_PIN10_CONFIG_S=11
   GPIO_PIN10_DRIVER=BIT2
   GPIO_PIN10_DRIVER_S=2
   GPIO_PIN10_INT_TYPE=0x00000007
   GPIO_PIN10_INT_TYPE_S=7
   GPIO_PIN10_RESET_VALUE=((u32)0x00000000)
   GPIO_PIN10_SOURCE=BIT0
   GPIO_PIN10_SOURCE_S=0
   GPIO_PIN10_WAKEUP_ENABLE=BIT10
   GPIO_PIN10_WAKEUP_ENABLE_S=10
   GPIO_PIN11_ADDRESS=0x54
   GPIO_PIN11_CONFIG=0x00000003
   GPIO_PIN11_CONFIG_S=11
   GPIO_PIN11_DRIVER=BIT2
   GPIO_PIN11_DRIVER_S=2
   GPIO_PIN11_INT_TYPE=0x00000007
   GPIO_PIN11_INT_TYPE_S=7
   GPIO_PIN11_RESET_VALUE=((u32)0x00000000)
   GPIO_PIN11_SOURCE=BIT0
   GPIO_PIN11_SOURCE_S=0
   GPIO_PIN11_WAKEUP_ENABLE=BIT10
   GPIO_PIN11_WAKEUP_ENABLE_S=10
   GPIO_PIN12_ADDRESS=0x58
   GPIO_PIN12_CONFIG=0x00000003
   GPIO_PIN12_CONFIG_S=11
   GPIO_PIN12_DRIVER=BIT2
   GPIO_PIN12_DRIVER_S=2
   GPIO_PIN12_INT_TYPE=0x00000007
   GPIO_PIN12_INT_TYPE_S=7
   GPIO_PIN12_RESET_VALUE=((u32)0x00000000)
   GPIO_PIN12_SOURCE=BIT0
   GPIO_PIN12_SOURCE_S=0
   GPIO_PIN12_WAKEUP_ENABLE=BIT10
   GPIO_PIN12_WAKEUP_ENABLE_S=10
   GPIO_PIN13_ADDRESS=0x5c
   GPIO_PIN13_CONFIG=0x00000003
   GPIO_PIN13_CONFIG_S=11
   GPIO_PIN13_DRIVER=BIT2
   GPIO_PIN13_DRIVER_S=2
   GPIO_PIN13_INT_TYPE=0x00000007
   GPIO_PIN13_INT_TYPE_S=7
   GPIO_PIN13_RESET_VALUE=((u32)0x00000000)
   GPIO_PIN13_SOURCE=BIT0
   GPIO_PIN13_SOURCE_S=0
   GPIO_PIN13_WAKEUP_ENABLE=BIT10
   GPIO_PIN13_WAKEUP_ENABLE_S=10
   GPIO_PIN14_ADDRESS=0x60
   GPIO_PIN14_CONFIG=0x00000003
   GPIO_PIN14_CONFIG_S=11
   GPIO_PIN14_DRIVER=BIT2
   GPIO_PIN14_DRIVER_S=2
   GPIO_PIN14_INT_TYPE=0x00000007
   GPIO_PIN14_INT_TYPE_S=7
   GPIO_PIN14_RESET_VALUE=((u32)0x00000000)
   GPIO_PIN14_SOURCE=BIT0
   GPIO_PIN14_SOURCE_S=0
   GPIO_PIN14_WAKEUP_ENABLE=BIT10
   GPIO_PIN14_WAKEUP_ENABLE_S=10
   GPIO_PIN15_ADDRESS=0x64
   GPIO_PIN15_CONFIG=0x00000003
   GPIO_PIN15_CONFIG_S=11
   GPIO_PIN15_DRIVER=BIT2
   GPIO_PIN15_DRIVER_S=2
   GPIO_PIN15_INT_TYPE=0x00000007
   GPIO_PIN15_INT_TYPE_S=7
   GPIO_PIN15_RESET_VALUE=((u32)0x00000000)
   GPIO_PIN15_SOURCE=BIT0
   GPIO_PIN15_SOURCE_S=0
   GPIO_PIN15_WAKEUP_ENABLE=BIT10
   GPIO_PIN15_WAKEUP_ENABLE_S=10
   GPIO_PIN1_ADDRESS=0x2c
   GPIO_PIN1_CONFIG=0x00000003
   GPIO_PIN1_CONFIG_S=11
   GPIO_PIN1_DRIVER=BIT2
   GPIO_PIN1_DRIVER_S=2
   GPIO_PIN1_INT_TYPE=0x00000007
   GPIO_PIN1_INT_TYPE_S=7
   GPIO_PIN1_RESET_VALUE=((u32)0x00000000)
   GPIO_PIN1_SOURCE=BIT0
   GPIO_PIN1_SOURCE_S=0
   GPIO_PIN1_WAKEUP_ENABLE=BIT10
   GPIO_PIN1_WAKEUP_ENABLE_S=10
   GPIO_PIN2_ADDRESS=0x30
   GPIO_PIN2_CONFIG=0x00000003
   GPIO_PIN2_CONFIG_S=11
   GPIO_PIN2_DRIVER=BIT2
   GPIO_PIN2_DRIVER_S=2
   GPIO_PIN2_INT_TYPE=0x00000007
   GPIO_PIN2_INT_TYPE_S=7
   GPIO_PIN2_RESET_VALUE=((u32)0x00000000)
   GPIO_PIN2_SOURCE=BIT0
   GPIO_PIN2_SOURCE_S=0
   GPIO_PIN2_WAKEUP_ENABLE=BIT10
   GPIO_PIN2_WAKEUP_ENABLE_S=10
   GPIO_PIN3_ADDRESS=0x34
   GPIO_PIN3_CONFIG=0x00000003
   GPIO_PIN3_CONFIG_S=11
   GPIO_PIN3_DRIVER=BIT2
   GPIO_PIN3_DRIVER_S=2
   GPIO_PIN3_INT_TYPE=0x00000007
   GPIO_PIN3_INT_TYPE_S=7
   GPIO_PIN3_RESET_VALUE=((u32)0x00000000)
   GPIO_PIN3_SOURCE=BIT0
   GPIO_PIN3_SOURCE_S=0
   GPIO_PIN3_WAKEUP_ENABLE=BIT10
   GPIO_PIN3_WAKEUP_ENABLE_S=10
   GPIO_PIN4_ADDRESS=0x38
   GPIO_PIN4_CONFIG=0x00000003
   GPIO_PIN4_CONFIG_S=11
   GPIO_PIN4_DRIVER=BIT2
   GPIO_PIN4_DRIVER_S=2
   GPIO_PIN4_INT_TYPE=0x00000007
   GPIO_PIN4_INT_TYPE_S=7
   GPIO_PIN4_RESET_VALUE=((u32)0x00000000)
   GPIO_PIN4_SOURCE=BIT0
   GPIO_PIN4_SOURCE_S=0
   GPIO_PIN4_WAKEUP_ENABLE=BIT10
   GPIO_PIN4_WAKEUP_ENABLE_S=10
   GPIO_PIN5_ADDRESS=0x3c
   GPIO_PIN5_CONFIG=0x00000003
   GPIO_PIN5_CONFIG_S=11
   GPIO_PIN5_DRIVER=BIT2
   GPIO_PIN5_DRIVER_S=2
   GPIO_PIN5_INT_TYPE=0x00000007
   GPIO_PIN5_INT_TYPE_S=7
   GPIO_PIN5_RESET_VALUE=((u32)0x00000000)
   GPIO_PIN5_SOURCE=BIT0
   GPIO_PIN5_SOURCE_S=0
   GPIO_PIN5_WAKEUP_ENABLE=BIT10
   GPIO_PIN5_WAKEUP_ENABLE_S=10
   GPIO_PIN6_ADDRESS=0x40
   GPIO_PIN6_CONFIG=0x00000003
   GPIO_PIN6_CONFIG_S=11
   GPIO_PIN6_DRIVER=BIT2
   GPIO_PIN6_DRIVER_S=2
   GPIO_PIN6_INT_TYPE=0x00000007
   GPIO_PIN6_INT_TYPE_S=7
   GPIO_PIN6_RESET_VALUE=((u32)0x00000000)
   GPIO_PIN6_SOURCE=BIT0
   GPIO_PIN6_SOURCE_S=0
   GPIO_PIN6_WAKEUP_ENABLE=BIT10
   GPIO_PIN6_WAKEUP_ENABLE_S=10
   GPIO_PIN7_ADDRESS=0x44
   GPIO_PIN7_CONFIG=0x00000003
   GPIO_PIN7_CONFIG_S=11
   GPIO_PIN7_DRIVER=BIT2
   GPIO_PIN7_DRIVER_S=2
   GPIO_PIN7_INT_TYPE=0x00000007
   GPIO_PIN7_INT_TYPE_S=7
   GPIO_PIN7_RESET_VALUE=((u32)0x00000000)
   GPIO_PIN7_SOURCE=BIT0
   GPIO_PIN7_SOURCE_S=0
   GPIO_PIN7_WAKEUP_ENABLE=BIT10
   GPIO_PIN7_WAKEUP_ENABLE_S=10
   GPIO_PIN8_ADDRESS=0x48
   GPIO_PIN8_CONFIG=0x00000003
   GPIO_PIN8_CONFIG_S=11
   GPIO_PIN8_DRIVER=BIT2
   GPIO_PIN8_DRIVER_S=2
   GPIO_PIN8_INT_TYPE=0x00000007
   GPIO_PIN8_INT_TYPE_S=7
   GPIO_PIN8_RESET_VALUE=((u32)0x00000000)
   GPIO_PIN8_SOURCE=BIT0
   GPIO_PIN8_SOURCE_S=0
   GPIO_PIN8_WAKEUP_ENABLE=BIT10
   GPIO_PIN8_WAKEUP_ENABLE_S=10
   GPIO_PIN9_ADDRESS=0x4c
   GPIO_PIN9_CONFIG=0x00000003
   GPIO_PIN9_CONFIG_S=11
   GPIO_PIN9_DRIVER=BIT2
   GPIO_PIN9_DRIVER_S=2
   GPIO_PIN9_INT_TYPE=0x00000007
   GPIO_PIN9_INT_TYPE_S=7
   GPIO_PIN9_RESET_VALUE=((u32)0x00000000)
   GPIO_PIN9_SOURCE=BIT0
   GPIO_PIN9_SOURCE_S=0
   GPIO_PIN9_WAKEUP_ENABLE=BIT10
   GPIO_PIN9_WAKEUP_ENABLE_S=10
   GPIO_Pin_0=(BIT0)
   GPIO_Pin_10=(BIT10)
   GPIO_Pin_11=(BIT11)
   GPIO_Pin_12=(BIT12)
   GPIO_Pin_13=(BIT13)
   GPIO_Pin_14=(BIT14)
   GPIO_Pin_15=(BIT15)
   GPIO_Pin_1=(BIT1)
   GPIO_Pin_2=(BIT2)
   GPIO_Pin_3=(BIT3)
   GPIO_Pin_4=(BIT4)
   GPIO_Pin_5=(BIT5)
   GPIO_Pin_6=(BIT6)
   GPIO_Pin_7=(BIT7)
   GPIO_Pin_8=(BIT8)
   GPIO_Pin_9=(BIT9)
   GPIO_PIN_ADDR(i)=(GPIO_PIN0_ADDRESS + i*4)
   GPIO_Pin_All=(0xFFFF)
   GPIO_PIN_CONFIG_GET(x)=(((x) & GPIO_PIN_CONFIG_MASK) >> GPIO_PIN_CONFIG_LSB)
   GPIO_PIN_CONFIG_LSB=11
   GPIO_PIN_CONFIG_MASK=(0x00000003<<GPIO_PIN_CONFIG_LSB)
   GPIO_PIN_CONFIG_MSB=12
   GPIO_PIN_CONFIG_SET(x)=(((x) << GPIO_PIN_CONFIG_LSB) & GPIO_PIN_CONFIG_MASK)
   GPIO_PIN_CONFIG__MASK=((u32)0x00001800)
   GPIO_PIN_COUNT=16
   GPIO_PIN_DRIVER=((u32)0x00000004)
   GPIO_PIN_DRIVER_GET(x)=(((x) & GPIO_PIN_INT_TYPE_MASK) >> GPIO_PIN_INT_TYPE_LSB)
   GPIO_PIN_DRIVER_LSB=2
   GPIO_PIN_DRIVER_MASK=(0x00000004)
   GPIO_PIN_DRIVER_MSB=2
   GPIO_PIN_INT_TYPE_GET(x)=(((x) & GPIO_PIN_INT_TYPE_MASK) >> GPIO_PIN_INT_TYPE_LSB)
   GPIO_PIN_INT_TYPE_LSB=7
   GPIO_PIN_INT_TYPE_MASK=(0x00000007 << GPIO_PIN_INT_TYPE_LSB)
   GPIO_PIN_INT_TYPE_MSB=9
   GPIO_PIN_INT_TYPE_SET(x)=(((x) << GPIO_PIN_INT_TYPE_LSB) & GPIO_PIN_INT_TYPE_MASK)
   GPIO_PIN_INT_TYPE__MASK=((u32)0x00000380)
   GPIO_PIN_PAD_DRIVER_SET(x)=(((x) << GPIO_PIN_DRIVER_LSB) & GPIO_PIN_DRIVER_MASK)
   GPIO_PIN_REG(i)=(i==0) ? GPIO_PIN_REG_0 : (i==1) ? GPIO_PIN_REG_1 : (i==2) ? GPIO_PIN_REG_2 : (i==3) ? GPIO_PIN_REG_3 : (i==4) ? GPIO_PIN_REG_4 : (i==5) ? GPIO_PIN_REG_5 : (i==6) ? GPIO_PIN_REG_6 : (i==7) ? GPIO_PIN_REG_7 : (i==8) ? GPIO_PIN_REG_8 : (i==9) ? GPIO_PIN_REG_9 : (i==10)? GPIO_PIN_REG_10 : (i==11)? GPIO_PIN_REG_11 : (i==12)? GPIO_PIN_REG_12 : (i==13)? GPIO_PIN_REG_13 : (i==14)? GPIO_PIN_REG_14 : GPIO_PIN_REG_15
   GPIO_PIN_REG_0=PERIPHS_IO_MUX_GPIO0_U
   GPIO_PIN_REG_10=PERIPHS_IO_MUX_SD_DATA3_U
   GPIO_PIN_REG_11=PERIPHS_IO_MUX_SD_CMD_U
   GPIO_PIN_REG_12=PERIPHS_IO_MUX_MTDI_U
   GPIO_PIN_REG_13=PERIPHS_IO_MUX_MTCK_U
   GPIO_PIN_REG_14=PERIPHS_IO_MUX_MTMS_U
   GPIO_PIN_REG_15=PERIPHS_IO_MUX_MTDO_U
   GPIO_PIN_REG_1=PERIPHS_IO_MUX_U0TXD_U
   GPIO_PIN_REG_2=PERIPHS_IO_MUX_GPIO2_U
   GPIO_PIN_REG_3=PERIPHS_IO_MUX_U0RXD_U
   GPIO_PIN_REG_4=PERIPHS_IO_MUX_GPIO4_U
   GPIO_PIN_REG_5=PERIPHS_IO_MUX_GPIO5_U
   GPIO_PIN_REG_6=PERIPHS_IO_MUX_SD_CLK_U
   GPIO_PIN_REG_7=PERIPHS_IO_MUX_SD_DATA0_U
   GPIO_PIN_REG_8=PERIPHS_IO_MUX_SD_DATA1_U
   GPIO_PIN_REG_9=PERIPHS_IO_MUX_SD_DATA2_U
   GPIO_PIN_SOURCE=((u32)0x00000001)
   GPIO_PIN_SOURCE_GET(x)=(((x) & GPIO_PIN_INT_TYPE_MASK) >> GPIO_PIN_INT_TYPE_LSB)
   GPIO_PIN_SOURCE_LSB=0
   GPIO_PIN_SOURCE_MASK=(0x00000001)
   GPIO_PIN_SOURCE_MSB=0
   GPIO_PIN_SOURCE_SET(x)=(((x) << GPIO_PIN_SOURCE_LSB) & GPIO_PIN_SOURCE_MASK)
   GPIO_PIN_WAKEUP_ENABLE=((u32)0x00000400)
   GPIO_PIN_WAKEUP_ENABLE_GET(x)=(((x) & GPIO_PIN_CONFIG_MASK) >> GPIO_PIN_CONFIG_LSB)
   GPIO_PIN_WAKEUP_ENABLE_LSB=10
   GPIO_PIN_WAKEUP_ENABLE_MASK=(0x00000001 << GPIO_PIN_WAKEUP_ENABLE_LSB)
   GPIO_PIN_WAKEUP_ENABLE_MSB=10
   GPIO_PIN_WAKEUP_ENABLE_SET(x)=(((x) << GPIO_PIN_WAKEUP_ENABLE_LSB) & GPIO_PIN_WAKEUP_ENABLE_MASK)
   GPIO_REGID_TO_PINIDX(reg_id)=((reg_id) - GPIO_ID_PIN0)
   GPIO_REG_READ(reg)=READ_PERI_REG(PERIPHS_GPIO_BASEADDR + reg)
   GPIO_REG_WRITE(reg,val)=WRITE_PERI_REG(PERIPHS_GPIO_BASEADDR + reg, val)
   GPIO_RTC_CALIB_RDY=((u32)0x80000000)
   GPIO_RTC_CALIB_RDY_REAL=((u32)0x40000000)
   GPIO_RTC_CALIB_START=((u32)0x80000000)
   GPIO_RTC_CALIB_SYNC_ADDRESS=0x6c
   GPIO_RTC_CALIB_SYNC_RESET_VALUE=((u32)0x00000000)
   GPIO_RTC_CALIB_VALUE_ADDRESS=0x70
   GPIO_RTC_CALIB_VALUE_MASK=((u32)0x000FFFFF)
   GPIO_RTC_CALIB_VALUE_RESET_VALUE=((u32)0x00000000)
   GPIO_RTC_PERIOD_NUM_MASK=((u32)0x000003ff)
   GPIO_SDIO_SEL=0x0000003f
   GPIO_SDIO_SEL_S=16
   GPIO_SIGMA_DELTA_ADDRESS=0x68
   GPIO_SIGMA_DELTA_ENABLE=((u32)0x00010000)
   GPIO_SIGMA_DELTA_PRESCALER_MASK=((u32)0x0000FF00)
   GPIO_SIGMA_DELTA_RESET_VALUE=((u32)0x00000000)
   GPIO_SIGMA_DELTA_TARGET_MASK=((u32)0x000000FF)
   GPIO_STATUS_ADDRESS=0x1c
   GPIO_STATUS_INTERRUPT=0x0000FFFF
   GPIO_STATUS_INTERRUPT_DATA_MASK=0x0000FFFF
   GPIO_STATUS_INTERRUPT_S=0
   GPIO_STATUS_INTERRUPT_W1TC=0x0000FFFF
   GPIO_STATUS_INTERRUPT_W1TC_S=0
   GPIO_STATUS_INTERRUPT_W1TS=0x0000FFFF
   GPIO_STATUS_INTERRUPT_W1TS_S=0
   GPIO_STATUS_RESET_VALUE=((u32)0x00000000)
   GPIO_STATUS_W1TC_ADDRESS=0x24
   GPIO_STATUS_W1TC_MASK=((u32)0x0000FFFF)
   GPIO_STATUS_W1TC_PIN_0=((u32)0x00000001)
   GPIO_STATUS_W1TC_PIN_10=((u32)0x00000400)
   GPIO_STATUS_W1TC_PIN_11=((u32)0x00000800)
   GPIO_STATUS_W1TC_PIN_12=((u32)0x00001000)
   GPIO_STATUS_W1TC_PIN_13=((u32)0x00002000)
   GPIO_STATUS_W1TC_PIN_14=((u32)0x00004000)
   GPIO_STATUS_W1TC_PIN_15=((u32)0x00008000)
   GPIO_STATUS_W1TC_PIN_1=((u32)0x00000002)
   GPIO_STATUS_W1TC_PIN_2=((u32)0x00000004)
   GPIO_STATUS_W1TC_PIN_3=((u32)0x00000008)
   GPIO_STATUS_W1TC_PIN_4=((u32)0x00000010)
   GPIO_STATUS_W1TC_PIN_5=((u32)0x00000020)
   GPIO_STATUS_W1TC_PIN_6=((u32)0x00000040)
   GPIO_STATUS_W1TC_PIN_7=((u32)0x00000080)
   GPIO_STATUS_W1TC_PIN_8=((u32)0x00000100)
   GPIO_STATUS_W1TC_PIN_9=((u32)0x00000200)
   GPIO_STATUS_W1TC_RESET_VALUE=((u32)0x00000000)
   GPIO_STATUS_W1TS_ADDRESS=0x20
   GPIO_STATUS_W1TS_MASK=((u32)0x0000FFFF)
   GPIO_STATUS_W1TS_PIN_0=((u32)0x00000001)
   GPIO_STATUS_W1TS_PIN_10=((u32)0x00000400)
   GPIO_STATUS_W1TS_PIN_11=((u32)0x00000800)
   GPIO_STATUS_W1TS_PIN_12=((u32)0x00001000)
   GPIO_STATUS_W1TS_PIN_13=((u32)0x00002000)
   GPIO_STATUS_W1TS_PIN_14=((u32)0x00004000)
   GPIO_STATUS_W1TS_PIN_15=((u32)0x00008000)
   GPIO_STATUS_W1TS_PIN_1=((u32)0x00000002)
   GPIO_STATUS_W1TS_PIN_2=((u32)0x00000004)
   GPIO_STATUS_W1TS_PIN_3=((u32)0x00000008)
   GPIO_STATUS_W1TS_PIN_4=((u32)0x00000010)
   GPIO_STATUS_W1TS_PIN_5=((u32)0x00000020)
   GPIO_STATUS_W1TS_PIN_6=((u32)0x00000040)
   GPIO_STATUS_W1TS_PIN_7=((u32)0x00000080)
   GPIO_STATUS_W1TS_PIN_8=((u32)0x00000100)
   GPIO_STATUS_W1TS_PIN_9=((u32)0x00000200)
   GPIO_STATUS_W1TS_RESET_VALUE=((u32)0x00000000)
   GPIO_STRAPPING=0x0000FFFF
   GPIO_STRAPPING_S=16
   GPIO_WAKEUP_DISABLE=(~GPIO_WAKEUP_ENABLE)
   GPIO_WAKEUP_ENABLE=1
   I2S=((I2S_TypeDef *) SAR_BasI2S_BaseAddresseAddress)
   I2SBASEFREQ=(12000000L)
   I2SCONF_CHAN_ADDRESS=(DR_REG_I2S_BASE + 0x002c)
   I2SCONF_SIGLE_DATA_ADDRESS=(DR_REG_I2S_BASE + 0x0028)
   I2SINT_CLR_ADDRESS=(DR_REG_I2S_BASE + 0x0018)
   I2SINT_ENA_ADDRESS=(DR_REG_I2S_BASE + 0x0014)
   I2SINT_RAW_ADDRESS=(DR_REG_I2S_BASE + 0x000c)
   I2SINT_ST_ADDRESS=(DR_REG_I2S_BASE + 0x0010)
   I2SRXEOF_NUM_ADDRESS=(DR_REG_I2S_BASE + 0x0024)
   I2SRXFIFO_ADDRESS=(DR_REG_I2S_BASE + 0x0004)
   I2STIMING_ADDRESS=(DR_REG_I2S_BASE + 0x001c)
   I2STXFIFO_ADDRESS=(DR_REG_I2S_BASE + 0x0000)
   I2S_BaseAddress=((u32)0x60000E00)
   I2S_CFG_BCK_DIV_NUM=0x0000003F
   I2S_CFG_BCK_DIV_NUM_S=22
   I2S_CFG_BITS_MOD=0x0000000F
   I2S_CFG_BITS_MOD_S=12
   I2S_CFG_CLK_DIV_NUM=0x0000003F
   I2S_CFG_CLK_DIV_NUM_S=16
   I2S_CFG_MSB_RIGHT=(BIT(7))
   I2S_CFG_RECE_MSB_SHIFT=(BIT(11))
   I2S_CFG_RECE_SLAVE_MOD=(BIT(5))
   I2S_CFG_RESET_MASK=0xf
   I2S_CFG_RIGHT_FIRST=(BIT(6))
   I2S_CFG_RX_FIFO_RESET=(BIT(3))
   I2S_CFG_RX_RESET=(BIT(1))
   I2S_CFG_RX_START=(BIT(9))
   I2S_CFG_TRANS_MSB_SHIFT=(BIT(10))
   I2S_CFG_TRANS_SLAVE_MOD=(BIT(4))
   I2S_CFG_TX_FIFO_RESET=(BIT(2))
   I2S_CFG_TX_RESET=(BIT(0))
   I2S_CFG_TX_START=(BIT(8))
   I2S_FIFO_CONF_ADDRESS=(DR_REG_I2S_BASE + 0x0020)
   I2S_I2S_DSCR_EN=(BIT(12))
   I2S_I2S_PUT_DATA_INT_CLR=(BIT(1))
   I2S_I2S_RX_DATA_NUM=0x0000003F
   I2S_I2S_RX_DATA_NUM_S=0
   I2S_I2S_RX_EOF_NUM=0xFFFFFFFF
   I2S_I2S_RX_EOF_NUM_S=0
   I2S_I2S_RX_FIFO_MOD=0x00000007
   I2S_I2S_RX_FIFO_MOD_S=16
   I2S_I2S_RX_REMPTY_INT_CLR=(BIT(3))
   I2S_I2S_RX_REMPTY_INT_ENA=(BIT(3))
   I2S_I2S_RX_REMPTY_INT_RAW=(BIT(3))
   I2S_I2S_RX_REMPTY_INT_ST=(BIT(3))
   I2S_I2S_RX_TAKE_DATA_INT_ENA=(BIT(0))
   I2S_I2S_RX_TAKE_DATA_INT_RAW=(BIT(0))
   I2S_I2S_RX_TAKE_DATA_INT_ST=(BIT(0))
   I2S_I2S_RX_WFULL_INT_CLR=(BIT(2))
   I2S_I2S_RX_WFULL_INT_ENA=(BIT(2))
   I2S_I2S_RX_WFULL_INT_RAW=(BIT(2))
   I2S_I2S_RX_WFULL_INT_ST=(BIT(2))
   I2S_I2S_SIGLE_DATA=0xFFFFFFFF
   I2S_I2S_SIGLE_DATA_S=0
   I2S_I2S_TAKE_DATA_INT_CLR=(BIT(0))
   I2S_I2S_TX_DATA_NUM=0x0000003F
   I2S_I2S_TX_DATA_NUM_S=6
   I2S_I2S_TX_FIFO_MOD=0x00000007
   I2S_I2S_TX_FIFO_MOD_S=13
   I2S_I2S_TX_PUT_DATA_INT_ENA=(BIT(1))
   I2S_I2S_TX_PUT_DATA_INT_RAW=(BIT(1))
   I2S_I2S_TX_PUT_DATA_INT_ST=(BIT(1))
   I2S_I2S_TX_REMPTY_INT_CLR=(BIT(5))
   I2S_I2S_TX_REMPTY_INT_ENA=(BIT(5))
   I2S_I2S_TX_REMPTY_INT_RAW=(BIT(5))
   I2S_I2S_TX_REMPTY_INT_ST=(BIT(5))
   I2S_I2S_TX_WFULL_INT_CLR=(BIT(4))
   I2S_I2S_TX_WFULL_INT_ENA=(BIT(4))
   I2S_I2S_TX_WFULL_INT_RAW=(BIT(4))
   I2S_I2S_TX_WFULL_INT_ST=(BIT(4))
   I2S_RECE_BCK_IN_DELAY=0x00000003
   I2S_RECE_BCK_IN_DELAY_S=4
   I2S_RECE_BCK_OUT_DELAY=0x00000003
   I2S_RECE_BCK_OUT_DELAY_S=18
   I2S_RECE_DSYNC_SW=(BIT(21))
   I2S_RECE_SD_IN_DELAY=0x00000003
   I2S_RECE_SD_IN_DELAY_S=8
   I2S_RECE_WS_IN_DELAY=0x00000003
   I2S_RECE_WS_IN_DELAY_S=6
   I2S_RECE_WS_OUT_DELAY=0x00000003
   I2S_RECE_WS_OUT_DELAY_S=16
   I2S_RX_CHAN_MOD=0x00000003
   I2S_RX_CHAN_MOD_S=3
   I2S_TRANS_BCK_IN_DELAY=0x00000003
   I2S_TRANS_BCK_IN_DELAY_S=0
   I2S_TRANS_BCK_IN_INV=(BIT(22))
   I2S_TRANS_BCK_OUT_DELAY=0x00000003
   I2S_TRANS_BCK_OUT_DELAY_S=10
   I2S_TRANS_DSYNC_SW=(BIT(20))
   I2S_TRANS_SD_OUT_DELAY=0x00000003
   I2S_TRANS_SD_OUT_DELAY_S=14
   I2S_TRANS_WS_IN_DELAY=0x00000003
   I2S_TRANS_WS_IN_DELAY_S=2
   I2S_TRANS_WS_OUT_DELAY=0x00000003
   I2S_TRANS_WS_OUT_DELAY_S=12
   I2S_TX_CHAN_MOD=0x00000007
   I2S_TX_CHAN_MOD_S=0
   ICACHE_FLASH_ATTR=
   ICACHE_RODATA_ATTR=
   IOMUX=((IOMUX_typedef *)IOMUX_base_address)
   IOMUX_base_address=0x60000800
   LOCAL=static
   NOW()=RTC_REG_READ(FRC2_COUNT_ADDRESS)
   NULL=(void *)0
   PAD_XPD_DCDC_CONF=(REG_RTC_BASE + 0x0A0)
   PERIPHS_DPORT_BASEADDR=0x3ff00000
   PERIPHS_GPIO_BASEADDR=0x60000300
   PERIPHS_IO_MUX=0x60000800
   PERIPHS_IO_MUX_CONF_U=((volatile uint32 *)0x60000800)
   PERIPHS_IO_MUX_GPIO0_U=((volatile uint32 *)0x60000834)
   PERIPHS_IO_MUX_GPIO2_U=((volatile uint32 *)0x60000838)
   PERIPHS_IO_MUX_GPIO4_U=((volatile uint32 *)0x6000083C)
   PERIPHS_IO_MUX_GPIO5_U=((volatile uint32 *)0x60000840)
   PERIPHS_IO_MUX_MTCK_U=((volatile uint32 *)0x60000808)
   PERIPHS_IO_MUX_MTDI_U=((volatile uint32 *)0x60000804)
   PERIPHS_IO_MUX_MTDO_U=((volatile uint32 *)0x60000810)
   PERIPHS_IO_MUX_MTMS_U=((volatile uint32 *)0x6000080C)
   PERIPHS_IO_MUX_OE=BIT0
   PERIPHS_IO_MUX_PULLUP2=BIT6
   PERIPHS_IO_MUX_PULLUP=BIT7
   PERIPHS_IO_MUX_SD_CLK_U=((volatile uint32 *)0x6000081c)
   PERIPHS_IO_MUX_SD_CMD_U=((volatile uint32 *)0x60000830)
   PERIPHS_IO_MUX_SD_DATA0_U=((volatile uint32 *)0x60000820)
   PERIPHS_IO_MUX_SD_DATA1_U=((volatile uint32 *)0x60000824)
   PERIPHS_IO_MUX_SD_DATA2_U=((volatile uint32 *)0x60000828)
   PERIPHS_IO_MUX_SD_DATA3_U=((volatile uint32 *)0x6000082c)
   PERIPHS_IO_MUX_SLEEP_OE=BIT1
   PERIPHS_IO_MUX_SLEEP_PULLUP2=BIT2
   PERIPHS_IO_MUX_SLEEP_PULLUP=BIT3
   PERIPHS_IO_MUX_U0RXD_U=((volatile uint32 *)0x60000814)
   PERIPHS_IO_MUX_U0TXD_U=((volatile uint32 *)0x60000818)
   PERIPHS_RTC_BASEADDR=0x60000700
   PERIPHS_TIMER_BASEDDR=0x60000600
   PIN_PULLUP_DIS(PIN_NAME)=CLEAR_PERI_REG_MASK (PIN_NAME, PERIPHS_IO_MUX_PULLUP)
   PIN_PULLUP_EN(PIN_NAME)=SET_PERI_REG_MASK (PIN_NAME, PERIPHS_IO_MUX_PULLUP)
   READ_PERI_REG(addr)=(*((volatile uint32_t *)(addr)))
   REG_CLR_BIT(_r,_b)=(*(volatile uint32_t*)(_r) &= ~(_b))
   REG_RTC_BASE=PERIPHS_RTC_BASEADDR
   REG_SET_BIT(_r,_b)=(*(volatile uint32_t*)(_r) |= (_b))
   RTC0_RESET_VALUE=((u32)0x00000000)
   RTC1_RESET_VALUE=((u32)0x00000000)
   RTC2_RESET_VALUE=((u32)0x00000000)
   RTC3_RESET_VALUE=((u32)0x00000000)
   RTC4_RESET_VALUE=((u32)0x00000000)
   RTC5_RESET_VALUE=((u32)0x00000000)
   RTC6_RESET_VALUE=((u32)0x00000000)
   RTC=((RTC_TypeDef *)RTC_BaseAddress)
   RTC_BaseAddress=0x60000700
   RTC_CALIB_RDY=(1<<31)
   RTC_CALIB_RDY_REAL=(1<<30)
   RTC_CALIB_RDY_REAL_S=30
   RTC_CALIB_RDY_S=31
   RTC_CALIB_START=(1<<31)
   RTC_CALIB_START_S=31
   RTC_CALIB_VALUE_MASK=0x000FFFFf
   RTC_CALIB_VALUE_S=0
   RTC_CLR_REG_MASK(reg,mask)=CLEAR_PERI_REG_MASK(PERIPHS_TIMER_BASEDDR +reg, mask)
   RTC_GPIO0_CONF_RESET_VALUE=((u32)0x00000000)
   RTC_GPIO1_CONF_RESET_VALUE=((u32)0x00000000)
   RTC_GPIO2_CONF_RESET_VALUE=((u32)0x00000000)
   RTC_GPIO3_CONF_RESET_VALUE=((u32)0x00000000)
   RTC_GPIO3_FUN_BIT0=((u32)0x00000001)
   RTC_GPIO3_FUN_BIT1=((u32)0x00000002)
   RTC_GPIO3_FUN_BIT2=((u32)0x00000100)
   RTC_GPIO3_FUN_MASK=((u32)0x00000103)
   RTC_GPIO3_PULLDOWN=((u32)0x00000008)
   RTC_GPIO3_PULLUP=((u32)0x00000004)
   RTC_GPIO3_SLEEP_PULLDOWN=((u32)0x00000020)
   RTC_GPIO3_SLEEP_PULLUP=((u32)0x00000010)
   RTC_GPIO4_CONF_RESET_VALUE=((u32)0x00000000)
   RTC_GPIO5_CONF_RESET_VALUE=((u32)0x00000000)
   RTC_GPIO_CONF=(REG_RTC_BASE + 0x090)
   RTC_GPIO_CONF_RESET_VALUE=((u32)0x00000000)
   RTC_GPIO_ENABLE=(REG_RTC_BASE + 0x074)
   RTC_GPIO_ENABLE_RESET_VALUE=((u32)0x00000000)
   RTC_GPIO_IN_DATA=(REG_RTC_BASE + 0x08C)
   RTC_GPIO_IN_DATA_RESET_VALUE=((u32)0x00000000)
   RTC_GPIO_OUT=(REG_RTC_BASE + 0x068)
   RTC_GPIO_OUT_RESET_VALUE=((u32)0x00000000)
   RTC_INT_CLEAR_RESET_VALUE=((u32)0x00000000)
   RTC_INT_ENA_RESET_VALUE=((u32)0x00000000)
   RTC_INT_STATUS_RESET_VALUE=((u32)0x00000000)
   RTC_PERIOD_NUM=0x000003ff
   RTC_PERIOD_NUM_S=0
   RTC_POWERUP_RESET_VALUE=((u32)0x00000000)
   RTC_REG_READ(addr)=READ_PERI_REG(PERIPHS_TIMER_BASEDDR + addr)
   RTC_REG_WRITE(addr,val)=WRITE_PERI_REG(PERIPHS_TIMER_BASEDDR + addr, val)
   RTC_RTC0_SOFTVARE_RESET=((u32)0x80000000)
   RTC_RTC2_ENTER_SLEEP=((u32)0x00100000)
   RTC_RTC2_GET_RESET_REASON=((u32)0x00200000)
   RTC_RTC4_I2S_CLK_SEL=((u32)0x80000000)
   RTC_RTC4_SAR_CLK_SEL=((u32)0x04000000)
   RTC_RTC4_SAR_INIT=((u32)0x02000000)
   RTC_RTC5_REASON_MASK=((u32)0x00000007)
   RTC_SCRATCH_0_RESET_VALUE=((u32)0x00000000)
   RTC_SCRATCH_1_RESET_VALUE=((u32)0x00000000)
   RTC_SCRATCH_2_RESET_VALUE=((u32)0x00000000)
   RTC_SLEEP_COUNT_RESET_VALUE=((u32)0x00000000)
   RTC_SLEEP_VAL_RESET_VALUE=((u32)0x00000000)
   RTC_STORE0=(REG_RTC_BASE + 0x030)
   RTC_STORE1=(REG_RTC_BASE + 0x034)
   RTC_STORE2=(REG_RTC_BASE + 0x038)
   RTC_STORE3=(REG_RTC_BASE + 0x03C)
   SAR=((SAR_TypeDef *) SAR_BaseAddress)
   SAR_BaseAddress=((u32)0x60000D00)
   SET_PERI_REG_BITS(reg,bit_map,value,shift)=(WRITE_PERI_REG((reg),(READ_PERI_REG(reg)&(~((bit_map)<<(shift))))|((value)<<(shift)) ))
   SET_PERI_REG_MASK(reg,mask)=WRITE_PERI_REG((reg), (READ_PERI_REG(reg)|(mask)))
   SHMEM_ATTR=
   SIGMA_DELTA_ENABLE=(1<<16)
   SIGMA_DELTA_ENABLE_S=16
   SIGMA_DELTA_PRESCALAR=0x000000ff
   SIGMA_DELTA_PRESCALAR_S=8
   SIGMA_DELTA_SETTING_MASK=0x00000001ff
   SIGMA_DELTA_TARGET=0x000000ff
   SIGMA_DELTA_TARGET_S=0
   SLC=((SLC_TypeDef *)SLC_BaseAddress)
   SLC_AHB_TEST_ADDR_MASK=((u32)0x00000030)
   SLC_AHB_TEST_MODE_MASK=((u32)0x00000007)
   SLC_AHB_TEST_RESET_VALUE=((u32)0x00000000)
   SLC_BaseAddress=0x60000B00
   SLC_BRIDGE_CONF_RESET_VALUE=((u32)0x00000000)
   SLC_BRIDGE_FIFO_MAP_ENA=((u32)0x00000F00)
   SLC_BRIDGE_TXEOF_ENA=((u32)0x0000003F)
   SLC_BRIDGE_TX_DUMMY_MODE=((u32)0x00001000)
   SLC_BRIDGE_TX_PUSH_IDLE_NUM=((u32)0xFFFF0000)
   SLC_CONF0_AHBM_FIFO_RST=((u32)0x00000004)
   SLC_CONF0_AHBM_RST=((u32)0x00000008)
   SLC_CONF0_DATA_BURST_EN=((u32)0x00000200)
   SLC_CONF0_DSCR_BURST_EN=((u32)0x00000100)
   SLC_CONF0_MODE_MASK=((u32)0x00003000)
   SLC_CONF0_RESET_VALUE=((u32)0x00000000)
   SLC_CONF0_RXLINK_RST=((u32)0x00000002)
   SLC_CONF0_RX_AUTO_WRBACK=((u32)0x00000040)
   SLC_CONF0_RX_LOOP_TEST=((u32)0x00000020)
   SLC_CONF0_RX_NO_RESTART_CLR=((u32)0x00000080)
   SLC_CONF0_TXLINK_RST=((u32)0x00000001)
   SLC_CONF0_TX_LOOP_TEST=((u32)0x00000010)
   SLC_CONF1_RESET_VALUE=((u32)0x00000000)
   SLC_DATA_ADDR_CLEAR_MASK=((u32)0x0000F000)
   SLC_DATE_RESET_VALUE=((u32)0x00000000)
   SLC_ENA_INT_FRHOST_BIT0=((u32)0x00000001)
   SLC_ENA_INT_FRHOST_BIT1=((u32)0x00000002)
   SLC_ENA_INT_FRHOST_BIT2=((u32)0x00000004)
   SLC_ENA_INT_FRHOST_BIT3=((u32)0x00000008)
   SLC_ENA_INT_FRHOST_BIT4=((u32)0x00000010)
   SLC_ENA_INT_FRHOST_BIT5=((u32)0x00000020)
   SLC_ENA_INT_FRHOST_BIT6=((u32)0x00000040)
   SLC_ENA_INT_FRHOST_BIT7=((u32)0x00000080)
   SLC_ENA_INT_FRHOST_BIT_MASK=((u32)0x000000FF)
   SLC_ENA_INT_RX_DONE=((u32)0x00010000)
   SLC_ENA_INT_RX_DSCR_ERR=((u32)0x00100000)
   SLC_ENA_INT_RX_EOF=((u32)0x00020000)
   SLC_ENA_INT_RX_START=((u32)0x00000100)
   SLC_ENA_INT_RX_UDF=((u32)0x00000400)
   SLC_ENA_INT_TOHOST=((u32)0x00040000)
   SLC_ENA_INT_TOKEN0_1TO0=((u32)0x00001000)
   SLC_ENA_INT_TOKEN1_1TO0=((u32)0x00002000)
   SLC_ENA_INT_TX_DONE=((u32)0x00004000)
   SLC_ENA_INT_TX_DSCR_EMPTY=((u32)0x00200000)
   SLC_ENA_INT_TX_DSCR_ERR=((u32)0x00080000)
   SLC_ENA_INT_TX_EOF=((u32)0x00008000)
   SLC_ENA_INT_TX_OVF=((u32)0x00000800)
   SLC_ENA_INT_TX_START=((u32)0x00000200)
   SLC_FROM_HOST_ADDR_MASK=((u32)0x00001000)
   SLC_HOST_CONF_W0_RESET_VALUE=((u32)0x00000000)
   SLC_HOST_CONF_W1_RESET_VALUE=((u32)0x00000000)
   SLC_HOST_CONF_W2_RESET_VALUE=((u32)0x00000000)
   SLC_HOST_CONF_W3_RESET_VALUE=((u32)0x00000000)
   SLC_HOST_CONF_W4_RESET_VALUE=((u32)0x00000000)
   SLC_HOST_CONF_W5_RESET_VALUE=((u32)0x00000000)
   SLC_HOST_INTR_CLEAR_RESET_VALUE=((u32)0x00000000)
   SLC_HOST_INTR_CLR_SOF=((u32)0x00001000)
   SLC_HOST_INTR_ENA_RESET_VALUE=((u32)0x00000000)
   SLC_HOST_INTR_RAW_ENA_BIT=((u32)0x00800000)
   SLC_HOST_INTR_STATUS_RESET_VALUE=((u32)0x00000000)
   SLC_HOST_INT_RAW_RESET_VALUE=((u32)0x00000000)
   SLC_ID_RESET_VALUE=((u32)0x00000000)
   SLC_INT_CLR_FRHOST_BIT0=((u32)0x00000001)
   SLC_INT_CLR_FRHOST_BIT1=((u32)0x00000002)
   SLC_INT_CLR_FRHOST_BIT2=((u32)0x00000004)
   SLC_INT_CLR_FRHOST_BIT3=((u32)0x00000008)
   SLC_INT_CLR_FRHOST_BIT4=((u32)0x00000010)
   SLC_INT_CLR_FRHOST_BIT5=((u32)0x00000020)
   SLC_INT_CLR_FRHOST_BIT6=((u32)0x00000040)
   SLC_INT_CLR_FRHOST_BIT7=((u32)0x00000080)
   SLC_INT_CLR_RESET_VALUE=((u32)0x00000000)
   SLC_INT_CLR_RX_DONE=((u32)0x00010000)
   SLC_INT_CLR_RX_DSCR_ERR=((u32)0x00100000)
   SLC_INT_CLR_RX_EOF=((u32)0x00020000)
   SLC_INT_CLR_RX_START=((u32)0x00000100)
   SLC_INT_CLR_RX_UDF=((u32)0x00000400)
   SLC_INT_CLR_TOHOST=((u32)0x00040000)
   SLC_INT_CLR_TOKEN0_1TO0=((u32)0x00001000)
   SLC_INT_CLR_TOKEN1_1TO0=((u32)0x00002000)
   SLC_INT_CLR_TX_DONE=((u32)0x00004000)
   SLC_INT_CLR_TX_DSCR_EMPTY=((u32)0x00200000)
   SLC_INT_CLR_TX_DSCR_ERR=((u32)0x00080000)
   SLC_INT_CLR_TX_EOF=((u32)0x00008000)
   SLC_INT_CLR_TX_OVF=((u32)0x00000800)
   SLC_INT_CLR_TX_START=((u32)0x00000200)
   SLC_INT_ENA_HOST_TOHOST_BIT0=((u32)0x00000001)
   SLC_INT_ENA_RESET_VALUE=((u32)0x00000000)
   SLC_INT_ENA_RX_NEW_PACKET=((u32)0x00800000)
   SLC_INT_RAW_FRHOST_BIT0=((u32)0x00000001)
   SLC_INT_RAW_FRHOST_BIT1=((u32)0x00000002)
   SLC_INT_RAW_FRHOST_BIT2=((u32)0x00000004)
   SLC_INT_RAW_FRHOST_BIT3=((u32)0x00000008)
   SLC_INT_RAW_FRHOST_BIT4=((u32)0x00000010)
   SLC_INT_RAW_FRHOST_BIT5=((u32)0x00000020)
   SLC_INT_RAW_FRHOST_BIT6=((u32)0x00000040)
   SLC_INT_RAW_FRHOST_BIT7=((u32)0x00000080)
   SLC_INT_RAW_RESET_VALUE=((u32)0x00000000)
   SLC_INT_RAW_RX_DONE=((u32)0x00010000)
   SLC_INT_RAW_RX_DSCR_ERR=((u32)0x00100000)
   SLC_INT_RAW_RX_EOF=((u32)0x00020000)
   SLC_INT_RAW_RX_START=((u32)0x00000100)
   SLC_INT_RAW_RX_UDF=((u32)0x00000400)
   SLC_INT_RAW_TOHOST=((u32)0x00040000)
   SLC_INT_RAW_TOKEN0_1TO0=((u32)0x00001000)
   SLC_INT_RAW_TOKEN1_1TO0=((u32)0x00002000)
   SLC_INT_RAW_TX_DONE=((u32)0x00004000)
   SLC_INT_RAW_TX_DSCR_EMPTY=((u32)0x00200000)
   SLC_INT_RAW_TX_DSCR_ERR=((u32)0x00080000)
   SLC_INT_RAW_TX_EOF=((u32)0x00008000)
   SLC_INT_RAW_TX_OVF=((u32)0x00000800)
   SLC_INT_RAW_TX_START=((u32)0x00000200)
   SLC_INT_STATUS_RESET_VALUE=((u32)0x00000000)
   SLC_INT_VECT_RESET_VALUE=((u32)0x00000000)
   SLC_RXLINK_DSCR_BF0_RESET_VALUE=((u32)0x00000000)
   SLC_RXLINK_DSCR_BF1_RESET_VALUE=((u32)0x00000000)
   SLC_RXLINK_DSCR_RESET_VALUE=((u32)0x00000000)
   SLC_RX_DSR_CONF_RESET_VALUE=((u32)0x00000000)
   SLC_RX_EOF_BUF_DES_ADDR_RESET_VALUE=((u32)0x00000000)
   SLC_RX_EOF_DES_ADDR_RESET_VALUE=((u32)0x00000000)
   SLC_RX_EOF_MODE=((u32)0x00080000)
   SLC_RX_FIFO_PUSH=((u32)0x00010000)
   SLC_RX_FIFO_PUSH_RESET_VALUE=((u32)0x00000000)
   SLC_RX_FIFO_WDATA=((u32)0x000001FF)
   SLC_RX_FILL_EN=((u32)0x00100000)
   SLC_RX_FILL_MODE=((u32)0x00040000)
   SLC_RX_INFOR_NO_REPLACE=((u32)0x00020000)
   SLC_RX_LINK_DESCADDR_MASK=((u32)0x000FFFFF)
   SLC_RX_LINK_PARK=((u32)0x80000000)
   SLC_RX_LINK_RESET_VALUE=((u32)0x00000000)
   SLC_RX_LINK_RESTART=((u32)0x40000000)
   SLC_RX_LINK_START=((u32)0x20000000)
   SLC_RX_LINK_STOP=((u32)0x10000000)
   SLC_RX_POP_IDLE_CNT_MASK=((u32)0x0000FFFF)
   SLC_RX_STATUS_EMPTY=((u32)0x00000002)
   SLC_RX_STATUS_FULL=((u32)0x00000001)
   SLC_RX_STATUS_RESET_VALUE=((u32)0x00000000)
   SLC_RX_TOKEN_NO_REPLACE=((u32)0x00010000)
   SLC_SDIO_STATUS_RESET_VALUE=((u32)0x00000000)
   SLC_SDIO_ST_BUS_MASK=((u32)0x00007000)
   SLC_SDIO_ST_CMD_MASK=((u32)0x00000007)
   SLC_SDIO_ST_FUNC_MASK=((u32)0x000000F0)
   SLC_SDIO_ST_SDIO_WAKEUP=((u32)0x00000100)
   SLC_STATE0_RESET_VALUE=((u32)0x00000000)
   SLC_STATE1_RESET_VALUE=((u32)0x00000000)
   SLC_ST_INT_FRHOST_BIT0=((u32)0x00000001)
   SLC_ST_INT_FRHOST_BIT1=((u32)0x00000002)
   SLC_ST_INT_FRHOST_BIT2=((u32)0x00000004)
   SLC_ST_INT_FRHOST_BIT3=((u32)0x00000008)
   SLC_ST_INT_FRHOST_BIT4=((u32)0x00000010)
   SLC_ST_INT_FRHOST_BIT5=((u32)0x00000020)
   SLC_ST_INT_FRHOST_BIT6=((u32)0x00000040)
   SLC_ST_INT_FRHOST_BIT7=((u32)0x00000080)
   SLC_ST_INT_RX_DONE=((u32)0x00010000)
   SLC_ST_INT_RX_DSCR_ERR=((u32)0x00100000)
   SLC_ST_INT_RX_EOF=((u32)0x00020000)
   SLC_ST_INT_RX_START=((u32)0x00000100)
   SLC_ST_INT_RX_UDF=((u32)0x00000400)
   SLC_ST_INT_TOHOST=((u32)0x00040000)
   SLC_ST_INT_TOKEN0_1TO0=((u32)0x00001000)
   SLC_ST_INT_TOKEN1_1TO0=((u32)0x00002000)
   SLC_ST_INT_TX_DONE=((u32)0x00004000)
   SLC_ST_INT_TX_DSCR_EMPTY=((u32)0x00200000)
   SLC_ST_INT_TX_DSCR_ERR=((u32)0x00080000)
   SLC_ST_INT_TX_EOF=((u32)0x00008000)
   SLC_ST_INT_TX_OVF=((u32)0x00000800)
   SLC_ST_INT_TX_START=((u32)0x00000200)
   SLC_TOHOST_INTVEC=((u32)0x000000FF)
   SLC_TOKEN0_LOCAL_INC=((u32)0x00002000)
   SLC_TOKEN0_LOCAL_INC_MORE=((u32)0x00004000)
   SLC_TOKEN0_LOCAL_WDATA_MASK=((u32)0x00000FFF)
   SLC_TOKEN0_LOCAL_WR=((u32)0x00001000)
   SLC_TOKEN0_MASK=((u32)0x0FFF0000)
   SLC_TOKEN0_RESET_VALUE=((u32)0x00000000)
   SLC_TOKEN1_LOCAL_INC=((u32)0x00002000)
   SLC_TOKEN1_LOCAL_INC_MORE=((u32)0x00004000)
   SLC_TOKEN1_LOCAL_WDATA=((u32)0x00000FFF)
   SLC_TOKEN1_LOCAL_WR=((u32)0x00001000)
   SLC_TOKEN1_MASK=((u32)0x0FFF0000)
   SLC_TOKEN1_RESET_VALUE=((u32)0x00000000)
   SLC_TO_HOST_ADDR_MASK=((u32)0x00003000)
   SLC_TXLINK_DSCR_BF0_RESET_VALUE=((u32)0x00000000)
   SLC_TXLINK_DSCR_BF1_RESET_VALUE=((u32)0x00000000)
   SLC_TXLINK_DSCR_RESET_VALUE=((u32)0x00000000)
   SLC_TX_EOF_DES_ADDR_RESET_VALUE=((u32)0x00000000)
   SLC_TX_FIFO_POP=((u32)0x00010000)
   SLC_TX_FIFO_POP_RESET_VALUE=((u32)0x00000000)
   SLC_TX_FIFO_RDATA=((u32)0x000007FF)
   SLC_TX_LINK_DESCADDR_MASK=((u32)0x000FFFFF)
   SLC_TX_LINK_PARK=((u32)0x80000000)
   SLC_TX_LINK_RESET_VALUE=((u32)0x00000000)
   SLC_TX_LINK_RESTART=((u32)0x40000000)
   SLC_TX_LINK_START=((u32)0x20000000)
   SLC_TX_LINK_STOP=((u32)0x10000000)
   SLC_TX_STATUS_EMPTY=((u32)0x00000002)
   SLC_TX_STATUS_FULL=((u32)0x00000001)
   SLC_TX_STATUS_RESET_VALUE=((u32)0x00000000)
   SPI0=((SPI_TypeDef *) SPI0_BaseAddress)
   SPI0_BaseAddress=0x60000200
   SPI0_CLK_EQU_SYS_CLK=BIT8
   SPI1=((SPI_TypeDef *) SPI1_BaseAddress)
   SPI1_BaseAddress=0x60000100
   SPI1_CLK_EQU_SYS_CLK=BIT9
   SPI_ADDR_RESET_VALUE=((u32)0x00000000)
   SPI_CLOCK_CLKCNT_H_MASK=((u32)0x00000FC0)
   SPI_CLOCK_CLKCNT_L_MASK=((u32)0x0000003F)
   SPI_CLOCK_CLKCNT_N_MASK=((u32)0x0003F000)
   SPI_CLOCK_CLKDIV_PRE_MASK=((u32)0x7FFC0000)
   SPI_CLOCK_EQU_SYSCLK=((u32)0x80000000)
   SPI_CLOCK_RESET_VALUE=((u32)0x80003023)
   SPI_CMD_BE=((u32)0x00800000)
   SPI_CMD_CE=((u32)0x00400000)
   SPI_CMD_PP=((u32)0x02000000)
   SPI_CMD_RDID=((u32)0x10000000)
   SPI_CMD_RDSR=((u32)0x08000000)
   SPI_CMD_READ=((u32)0x80000000)
   SPI_CMD_RES=((u32)0x00100000)
   SPI_CMD_RESET_VALUE=((u32)0x00000000)
   SPI_CMD_SE=((u32)0x01000000)
   SPI_CMD_USR=((u32)0x00040000)
   SPI_CMD_WRDI=((u32)0x20000000)
   SPI_CMD_WREN=((u32)0x40000000)
   SPI_CMD_WRSR=((u32)0x04000000)
   SPI_CTRL1_CS_HOLD_DELAY_MASK=((u32)0xF0000000)
   SPI_CTRL1_CS_HOLD_DELAY_RES_MASK=((u32)0x0FFF0000)
   SPI_CTRL1_RESET_VALUE=((u32)0x00000000)
   SPI_CTRL2_CLK_HDIV2=((u32)0x00001000)
   SPI_CTRL2_CLK_HDIV4=((u32)0x00008000)
   SPI_CTRL2_CS_DELAY_MODE_MASK=((u32)0x0C000000)
   SPI_CTRL2_CS_DELAY_NUM_MASK=((u32)0xF0000000)
   SPI_CTRL2_MISO_DELAY_MODE_MASK=((u32)0x00030000)
   SPI_CTRL2_MISO_DELAY_NUM_MASK=((u32)0x00180000)
   SPI_CTRL2_MOSI_DELAY_MODE_MASK=((u32)0x00600000)
   SPI_CTRL2_MOSI_DELAY_NUM_MASK=((u32)0x03800000)
   SPI_CTRL2_RESET_VALUE=((u32)0x00000011)
   SPI_CTRL_DIO_MODE=((u32)0x00800000)
   SPI_CTRL_DOUT_MODE=((u32)0x00004000)
   SPI_CTRL_FASTRD_MODE=((u32)0x00002000)
   SPI_CTRL_QIO_MODE=((u32)0x01000000)
   SPI_CTRL_QOUT_MODE=((u32)0x00100000)
   SPI_CTRL_RD_BIT_ORDER=((u32)0x02000000)
   SPI_CTRL_RESET_VALUE=((u32)0x00001000)
   SPI_CTRL_WR_BIT_ORDER=((u32)0x04000000)
   SPI_DIV_CLK_10M=(7)
   SPI_DIV_CLK_20M=(3)
   SPI_DIV_CLK_500K=(63)
   SPI_DIV_CLK_H=((SPI_DIV_CLK_N + 1) / 2 - 1)
   SPI_DIV_CLK_L=(SPI_DIV_CLK_N)
   SPI_DIV_CLK_N=(SPI_DIV_CLK_10M)
   SPI_PIN_CLK1_CS0=((u32)0x00080000)
   SPI_PIN_CLK_DIS=((u32)0x00000020)
   SPI_PIN_CLK_INV=((u32)0x20000000)
   SPI_PIN_CS0=((u32)0x40000000)
   SPI_PIN_CS0_DIS=((u32)0x00000001)
   SPI_PIN_CS1_DIS=((u32)0x00000002)
   SPI_PIN_CS2_DIS=((u32)0x00000004)
   SPI_PIN_CS_0=((u32)0x80000000)
   SPI_PIN_CS_CLK=((u32)0x00000400)
   SPI_PIN_CS_INV=((u32)0x00000040)
   SPI_PIN_MOSI_MISO=((u32)0x00010000)
   SPI_PIN_RESET_VALUE=((u32)0x0000001E)
   SPI_PREDIV_CLK=(SPI_PREDIV_CLK_10M)
   SPI_PREDIV_CLK_10M=(0)
   SPI_PREDIV_CLK_20M=(0)
   SPI_PREDIV_CLK_500K=(2)
   SPI_RD_STATUS_MASK=((u32)0x000000FF)
   SPI_RD_STATUS_RESET_VALUE=((u32)0x00000000)
   SPI_SLAVE1_BUF_BITLEN_MASK=((u32)0x01FF0000)
   SPI_SLAVE1_RDBUF_DUMMY_EN=((u32)0x00000001)
   SPI_SLAVE1_RDSTA_DUMMY_EN=((u32)0x00000004)
   SPI_SLAVE1_RD_ADDR_BITLEN_MASK=((u32)0x0000FC00)
   SPI_SLAVE1_RESET_VALUE=((u32)0x00000000)
   SPI_SLAVE1_STATUS_BITLEN_MASK=((u32)0xF8000000)
   SPI_SLAVE1_WRBUF_DUMMY_EN=((u32)0x00000002)
   SPI_SLAVE1_WRSTA_DUMMY_EN=((u32)0x00000008)
   SPI_SLAVE1_WR_ADDR_BITLEN_MASK=((u32)0x000003F0)
   SPI_SLAVE2_RDBUF_DUMMY_CYCLELEN_MASK=((u32)0x00FF0000)
   SPI_SLAVE2_RDSTA_DUMMY_CYCLELEN_MASK=((u32)0x000000FF)
   SPI_SLAVE2_RESET_VALUE=((u32)0x00000000)
   SPI_SLAVE2_WRBUF_DUMMY_CYCLELEN_MASK=((u32)0xFF000000)
   SPI_SLAVE2_WRSTA_DUMMY_CYCLELEN_MASK=((u32)0x0000FF00)
   SPI_SLAVE3_RDBUF_CMD_VALUE_MASK=((u32)0x000000FF)
   SPI_SLAVE3_RDSTA_CMD_VALUE_MASK=((u32)0x00FF0000)
   SPI_SLAVE3_RESET_VALUE=((u32)0x00000000)
   SPI_SLAVE3_WRBUF_CMD_VALUE_MASK=((u32)0x0000FF00)
   SPI_SLAVE3_WRSTA_CMD_VALUE_MASK=((u32)0xFF000000)
   SPI_SLAVE_CMD_DEFINE=((u32)0x08000000)
   SPI_SLAVE_CS_I_MODE_MASK=((u32)0x00000C00)
   SPI_SLAVE_INT_EN_MASK=((u32)0x000003E0)
   SPI_SLAVE_INT_EN_RD_BUF_DONE=((u32)0x00000020)
   SPI_SLAVE_INT_EN_RD_STA_DONE=((u32)0x00000080)
   SPI_SLAVE_INT_EN_TRANS_DONE=((u32)0x00000200)
   SPI_SLAVE_INT_EN_WR_BUF_DONE=((u32)0x00000040)
   SPI_SLAVE_INT_EN_WR_STA_DONE=((u32)0x00000100)
   SPI_SLAVE_INT_STT_MASK=((u32)0x0000001F)
   SPI_SLAVE_INT_STT_RD_BUF_DONE=((u32)0x00000001)
   SPI_SLAVE_INT_STT_RD_STA_DONE=((u32)0x00000004)
   SPI_SLAVE_INT_STT_TRANS_DONE=((u32)0x00000010)
   SPI_SLAVE_INT_STT_WR_BUF_DONE=((u32)0x00000002)
   SPI_SLAVE_INT_STT_WR_STA_DONE=((u32)0x00000008)
   SPI_SLAVE_LAST_COMMAND_MASK=((u32)0x000E0000)
   SPI_SLAVE_LAST_STATE_MASK=((u32)0x00300000)
   SPI_SLAVE_RESET_VALUE=((u32)0x00000200)
   SPI_SLAVE_SLAVE_MODE=((u32)0x40000000)
   SPI_SLAVE_SYNC_RESET=((u32)0x80000000)
   SPI_SLAVE_TRANS_CNT_MASK=((u32)0x07800000)
   SPI_SLAVE_WR_RD_BUF_EN=((u32)0x20000000)
   SPI_SLAVE_WR_RD_STA_EN=((u32)0x10000000)
   SPI_USER1_ADDR_BITLLEN_MASK=((u32)0xFC000000)
   SPI_USER1_DUMMY_CYCLELEN_MASK=((u32)0x00000FF)
   SPI_USER1_MISO_BITLLEN_MASK=((u32)0x0001FF00)
   SPI_USER1_MOSI_BITLLEN_MASK=((u32)0x03CE0000)
   SPI_USER1_RESET_VALUE=((u32)0x3C000000)
   SPI_USER2_COMMAND_BITLEN_MASK=((u32)0xF0000000)
   SPI_USER2_COMMAND_VALUE_MASK=((u32)0x0000FFFF)
   SPI_USER2_RESET_VALUE=((u32)0x70000000)
   SPI_USER_ADDR=((u32)0x40000000)
   SPI_USER_ADDR_HOLD=((u32)0x00200000)
   SPI_USER_AHB_COMMAND=((u32)0x00000008)
   SPI_USER_AHB_COMMAND_4BYTE=((u32)0x00000002)
   SPI_USER_AHB_ENDIAN_MODE_MASK=((u32)0x00000300)
   SPI_USER_CK_IN_EDGE=((u32)0x00000040)
   SPI_USER_CK_OUT_EDGE=((u32)0x00000080)
   SPI_USER_CMD_HOLD=((u32)0x00400000)
   SPI_USER_COMMAND=((u32)0x80000000)
   SPI_USER_CS_HOLD=((u32)0x00000010)
   SPI_USER_CS_SETUP=((u32)0x00000020)
   SPI_USER_DIN_HIGHPART=((u32)0x01000000)
   SPI_USER_DIN_HOLD=((u32)0x00080000)
   SPI_USER_DOUTDIN=((u32)0x00000001)
   SPI_USER_DOUT_HIGHPART=((u32)0x02000000)
   SPI_USER_DOUT_HOLD=((u32)0x00040000)
   SPI_USER_DUMMY=((u32)0x20000000)
   SPI_USER_DUMMY_HOLD=((u32)0x00100000)
   SPI_USER_FWRITE_DIO=((u32)0x00004000)
   SPI_USER_FWRITE_DUAL=((u32)0x00001000)
   SPI_USER_FWRITE_QIO=((u32)0x00008000)
   SPI_USER_FWRITE_QUAD=((u32)0x00002000)
   SPI_USER_HOLD_POL=((u32)0x00020000)
   SPI_USER_MISO=((u32)0x10000000)
   SPI_USER_MODE=((u32)0x00000004)
   SPI_USER_MOSI=((u32)0x08000000)
   SPI_USER_PREP_HOLD=((u32)0x00800000)
   SPI_USER_RD_BYTE_ORDER=((u32)0x00000400)
   SPI_USER_RESET_VALUE=((u32)0x80000020)
   SPI_USER_SIO=((u32)0x00010000)
   SPI_USER_WR_BYTE_ORDER=((u32)0x00000800)
   SPI_W0_RESET_VALUE=((u32)0x00000000)
   SPI_W10_RESET_VALUE=((u32)0x00000000)
   SPI_W11_RESET_VALUE=((u32)0x00000000)
   SPI_W12_RESET_VALUE=((u32)0x00000000)
   SPI_W13_RESET_VALUE=((u32)0x00000000)
   SPI_W14_RESET_VALUE=((u32)0x00000000)
   SPI_W15_RESET_VALUE=((u32)0x00000000)
   SPI_W1_RESET_VALUE=((u32)0x00000000)
   SPI_W2_RESET_VALUE=((u32)0x00000000)
   SPI_W3_RESET_VALUE=((u32)0x00000000)
   SPI_W4_RESET_VALUE=((u32)0x00000000)
   SPI_W5_RESET_VALUE=((u32)0x00000000)
   SPI_W6_RESET_VALUE=((u32)0x00000000)
   SPI_W7_RESET_VALUE=((u32)0x00000000)
   SPI_W8_RESET_VALUE=((u32)0x00000000)
   SPI_W9_RESET_VALUE=((u32)0x00000000)
   SPI_WR_STATUS_RESET_VALUE=((u32)0x00000000)
   STORE_ATTR=__attribute__((aligned(4)))
   TIMER=((TIMER_typedef *)TIMER_base_address)
   TIMER_base_address=0x60000600
   TIMER_CLK_FREQ=(APB_CLK_FREQ>>8)
   TM1_EDGE_INT_DISABLE()=CLEAR_PERI_REG_MASK(EDGE_INT_ENABLE_REG, BIT1)
   TM1_EDGE_INT_ENABLE()=SET_PERI_REG_MASK(EDGE_INT_ENABLE_REG, BIT1)
   true=(1)
   TRUE=true
   UART0_BaseAddress=0x60000000
   UART1_BaseAddress=0x60000F00
   UART_0=((UART_TypeDef *)UART0_BaseAddress)
   UART_1=((UART_TypeDef *)UART1_BaseAddress)
   UART_AUTOBAUD_EN_=((u32)0x00000001)
   UART_AUTOBAUD_GLITCH_FILT_MASK=((u32)0x0000FF00)
   UART_AUTOBAUD_GLITCH_FILT_S=8
   UART_AUTOBAUD_RESET_VALUE=((u32)0x00000A00)
   UART_CLKDIV_CNT_MASK=((u32)0x000FFFFF)
   UART_CLK_DIV_RESET_VALUE=((u32)0x00000000)
   UART_CLK_FREQ=APB_CLK_FREQ
   UART_CONF0_BIT_NUM_MASK=((u32)0x0000000C)
   UART_CONF0_BIT_NUM_S=2
   UART_CONF0_CTS_INV=((u32)0x00100000)
   UART_CONF0_DSR_INV=((u32)0x00200000)
   UART_CONF0_DTR_INV=((u32)0x01000000)
   UART_CONF0_IRDA_DPLX=((u32)0x00000200)
   UART_CONF0_IRDA_EN=((u32)0x00010000)
   UART_CONF0_IRDA_RX_INV=((u32)0x00002000)
   UART_CONF0_IRDA_TX_EN=((u32)0x00000400)
   UART_CONF0_IRDA_TX_INV=((u32)0x00001000)
   UART_CONF0_IRDA_WCTL=((u32)0x00000800)
   UART_CONF0_LOOPBACK=((u32)0x00004000)
   UART_CONF0_PARITY=((u32)0x00000001)
   UART_CONF0_PARITY_EN=((u32)0x00000002)
   UART_CONF0_RESET_VALUE=((u32)0x0000001C)
   UART_CONF0_RTS_INV=((u32)0x00800000)
   UART_CONF0_RXD_INV=((u32)0x00080000)
   UART_CONF0_RXFIFO_RST=((u32)0x00020000)
   UART_CONF0_STOP_BIT_NUM_MASK=((u32)0x00000030)
   UART_CONF0_STOP_BIT_NUM_S=4
   UART_CONF0_SW_DTR=((u32)0x00000080)
   UART_CONF0_SW_RTS=((u32)0x00000040)
   UART_CONF0_TXD_BRK=((u32)0x00000100)
   UART_CONF0_TXD_INV=((u32)0x00400000)
   UART_CONF0_TXFIFO_RST=((u32)0x00040000)
   UART_CONF0_TX_FLOW_EN=((u32)0x00008000)
   UART_CONF1_RESET_VALUE=((u32)0x00006060)
   UART_CONF1_RXFIFO_FULL_THRHD_MASK=((u32)0x0000007F)
   UART_CONF1_RX_FLOW_EN=((u32)0x08000000)
   UART_CONF1_RX_FLOW_THRHD_MASK=((u32)0x007F0000)
   UART_CONF1_RX_FLOW_THRHD_S=16
   UART_CONF1_RX_TOUT_EN=((u32)0x80000000)
   UART_CONF1_RX_TOUT_THRHD_MASK=((u32)0x7F000000)
   UART_CONF1_RX_TOUT_THRHD_S=24
   UART_CONF1_TXFIFO_EMPTY_THRHD_MASK=((u32)0x00007F00)
   UART_CONF1_TXFIFO_EMPTY_THRHD_S=8
   UART_DATE_RESET_VALUE=((u32)0x00062000)
   UART_FIFO_RESET_VALUE=((u32)0x00000000)
   UART_FIFO_RX_RD_BYTE_MASK=((u32)0x000000FF)
   UART_HIGHPULSE_MIN_CNT_MASK=((u32)0x000FFFFF)
   UART_HIGHPULSE_RESET_VALUE=((u32)0x000FFFFF)
   UART_ID_RESET_VALUE=((u32)0x00000500)
   UART_INT_CLR_BRK_DET=((u32)0x00000080)
   UART_INT_CLR_CTS_CHG=((u32)0x00000040)
   UART_INT_CLR_DSR_CHG=((u32)0x00000020)
   UART_INT_CLR_FRM_ERR=((u32)0x00000008)
   UART_INT_CLR_MASK=((u32)0x0000FFFF)
   UART_INT_CLR_PARITY_ERR=((u32)0x00000004)
   UART_INT_CLR_RESET_VALUE=((u32)0x00000000)
   UART_INT_CLR_RXFIFO_FULL=((u32)0x00000001)
   UART_INT_CLR_RXFIFO_OVF=((u32)0x00000010)
   UART_INT_CLR_RXFIFO_TOUT=((u32)0x00000100)
   UART_INT_CLR_TXFIFO_EMPTY=((u32)0x00000002)
   UART_INT_ENA_BRK_DET=((u32)0x00000080)
   UART_INT_ENA_CTS_CHG=((u32)0x00000040)
   UART_INT_ENA_DSR_CHG=((u32)0x00000020)
   UART_INT_ENA_FRM_ERR=((u32)0x00000008)
   UART_INT_ENA_PARITY_ERR=((u32)0x00000004)
   UART_INT_ENA_RESET_VALUE=((u32)0x00000000)
   UART_INT_ENA_RXFIFO_FULL=((u32)0x00000001)
   UART_INT_ENA_RXFIFO_OVF=((u32)0x00000010)
   UART_INT_ENA_RXFIFO_TOUT=((u32)0x00000100)
   UART_INT_ENA_TXFIFO_EMPTY=((u32)0x00000002)
   UART_INT_RAW_BRK_DET=((u32)0x00000080)
   UART_INT_RAW_CTS_CHG=((u32)0x00000040)
   UART_INT_RAW_DSR_CHG=((u32)0x00000020)
   UART_INT_RAW_FRM_ERR=((u32)0x00000008)
   UART_INT_RAW_PARITY_ERR=((u32)0x00000004)
   UART_INT_RAW_RESET_VALUE=((u32)0x00000000)
   UART_INT_RAW_RXFIFO_FULL=((u32)0x00000001)
   UART_INT_RAW_RXFIFO_OVF=((u32)0x00000010)
   UART_INT_RAW_RXFIFO_TOUT=((u32)0x00000100)
   UART_INT_RAW_TXFIFO_EMPTY=((u32)0x00000002)
   UART_INT_ST_BRK_DET=((u32)0x00000080)
   UART_INT_ST_CTS_CHG=((u32)0x00000040)
   UART_INT_ST_DSR_CHG=((u32)0x00000020)
   UART_INT_ST_FRM_ERR=((u32)0x00000008)
   UART_INT_ST_PARITY_ERR=((u32)0x00000004)
   UART_INT_ST_RESET_VALUE=((u32)0x00000000)
   UART_INT_ST_RXFIFO_FULL=((u32)0x00000001)
   UART_INT_ST_RXFIFO_OVF=((u32)0x00000010)
   UART_INT_ST_RXFIFO_TOUT=((u32)0x00000100)
   UART_INT_ST_TXFIFO_EMPTY=((u32)0x00000002)
   UART_LOWPULSE_MIN_CNT_MASK=((u32)0x000FFFFF)
   UART_LOWPULSE_RESET_VALUE=((u32)0x000FFFFF)
   UART_PULSE_NUM_CNT_MASK=((u32)0x000003FF)
   UART_RXD_CNT_RESET_VALUE=((u32)0x00000000)
   UART_STATUS_CTSN=((u32)0x00004000)
   UART_STATUS_DSRN=((u32)0x00002000)
   UART_STATUS_DTRN=((u32)0x20000000)
   UART_STATUS_RESET_VALUE=((u32)0x00000000)
   UART_STATUS_RTSN=((u32)0x40000000)
   UART_STATUS_RXD=((u32)0x00008000)
   UART_STATUS_RXFIFO_CNT_MASK=((u32)0x000000FF)
   UART_STATUS_TXD=((u32)0x80000000)
   UART_STATUS_TXFIFO_CNT_MASK=((u32)0x00FF0000)
   UART_STATUS_TXFIFO_CNT_S=16
   WDT=((WDT_typedef *)WDT_BaseAddress)
   WDT_BaseAddress=0x60000900
   WDT_CONTROL_DISABLE_MASK=((u32)0x0000007E)
   WDT_CONTROL_INIT_MASK=((u32)0x00000FFE)
   WDT_CONTROL_RESET_VALUE=((u32)0x00000000)
   WDT_FEED_MAGIC=((u32)0x00000073)
   WDT_FEED_RESET_VALUE=((u32)0x00000000)
   WDT_REG1_RESET_VALUE=((u32)0x00000000)
   WDT_REG2_RESET_VALUE=((u32)0x00000000)
   WRITE_PERI_REG(addr,val)=((*((volatile uint32_t *)(addr))) = (uint32_t)(val))
   _C_TYPES_H_=
   _EAGLE_SOC_H_=
   _ESP8266_REGISTERS_H_=
   _ETS_SYS_H=
   __BITS_H__=
   __builtin_constant_p(exp)=0
   __builtin_offsetof(T,m)=((size_t) &((T *)0)->m)
   __builtin_types_compatible_p(x,y)=__builtin_types_compatible_p(sizeof(x),sizeof(y))
   __builtin_va_arg(ap,type)=*(typeof(type) *)ap
   __CDT_PARSER__=1
   __complex__=_Complex
   __COUNTER__=0
   __DATE__=". 29 2016"
   __extension__=
   __FILE__="file"
   __GPIO_FUNC_H__=
   __GPIO_H__=
   __I=volatile const
   __imag__=(int)
   __IO=volatile
   __le16=u16
   __LINE__=1
   __null=(void *)0
   __O=volatile
   __offsetof__(x)=(x)
   __packed=__attribute__((packed))
   __real__=(int)
   __stdcall=
   __thread=
   __TIME__="16:23:30"

Written on Mon Aug 29 16:23:30 EEST 2016
