Project:               UDP_SPI_project
File:                  file:/C:/Espressif/examples/UDP_SPI_project/app/user/user_setup.c
Language:              GNU C
Index Version:         182.0
Build Configuration:   Default
Context:               file:/C:/Espressif/examples/UDP_SPI_project/app/user/user_setup.c
   C, {}
Versions in Index:     1
   C: {}; 0 macros, 7 includes, 753 names;

Include Search Path (option -I):
   C:\MinGW\lib\gcc\mingw32\4.9.3\include
   C:\MinGW\include
   C:\MinGW\lib\gcc\mingw32\4.9.3\include-fixed
   C:\MinGW\mingw32\include
   C:\Espressif\ESP8266_SDK\include\
   C:\Espressif\examples\UDP_SPI_project\app\include
   C:\Espressif\examples\UDP_SPI_project\app\include\driver

Macro definitions (option -D):
   i386=1
   WIN32=1
   WINNT=1
   _cdecl=__attribute__((__cdecl__))
   _fastcall=__attribute__((__fastcall__))
   _INTEGRAL_MAX_BITS=64
   _stdcall=__attribute__((__stdcall__))
   _thiscall=__attribute__((__thiscall__))
   _WIN32=1
   _X86_=1
   __ATOMIC_ACQUIRE=2
   __ATOMIC_ACQ_REL=4
   __ATOMIC_CONSUME=1
   __ATOMIC_HLE_ACQUIRE=65536
   __ATOMIC_HLE_RELEASE=131072
   __ATOMIC_RELAXED=0
   __ATOMIC_RELEASE=3
   __ATOMIC_SEQ_CST=5
   __BIGGEST_ALIGNMENT__=16
   __BYTE_ORDER__=__ORDER_LITTLE_ENDIAN__
   __cdecl=__attribute__((__cdecl__))
   __CHAR16_TYPE__=short unsigned int
   __CHAR32_TYPE__=unsigned int
   __CHAR_BIT__=8
   __code_model_32__=1
   __DBL_DECIMAL_DIG__=17
   __DBL_DENORM_MIN__=((double)4.94065645841246544177e-324L)
   __DBL_DIG__=15
   __DBL_EPSILON__=((double)2.22044604925031308085e-16L)
   __DBL_HAS_DENORM__=1
   __DBL_HAS_INFINITY__=1
   __DBL_HAS_QUIET_NAN__=1
   __DBL_MANT_DIG__=53
   __DBL_MAX_10_EXP__=308
   __DBL_MAX_EXP__=1024
   __DBL_MAX__=((double)1.79769313486231570815e+308L)
   __DBL_MIN_10_EXP__=(-307)
   __DBL_MIN_EXP__=(-1021)
   __DBL_MIN__=((double)2.22507385850720138309e-308L)
   __DEC128_EPSILON__=1E-33DL
   __DEC128_MANT_DIG__=34
   __DEC128_MAX_EXP__=6145
   __DEC128_MAX__=9.999999999999999999999999999999999E6144DL
   __DEC128_MIN_EXP__=(-6142)
   __DEC128_MIN__=1E-6143DL
   __DEC128_SUBNORMAL_MIN__=0.000000000000000000000000000000001E-6143DL
   __DEC32_EPSILON__=1E-6DF
   __DEC32_MANT_DIG__=7
   __DEC32_MAX_EXP__=97
   __DEC32_MAX__=9.999999E96DF
   __DEC32_MIN_EXP__=(-94)
   __DEC32_MIN__=1E-95DF
   __DEC32_SUBNORMAL_MIN__=0.000001E-95DF
   __DEC64_EPSILON__=1E-15DD
   __DEC64_MANT_DIG__=16
   __DEC64_MAX_EXP__=385
   __DEC64_MAX__=9.999999999999999E384DD
   __DEC64_MIN_EXP__=(-382)
   __DEC64_MIN__=1E-383DD
   __DEC64_SUBNORMAL_MIN__=0.000000000000001E-383DD
   __DECIMAL_BID_FORMAT__=1
   __DECIMAL_DIG__=21
   __declspec(x)=__attribute__((x))
   __DEC_EVAL_METHOD__=2
   __fastcall=__attribute__((__fastcall__))
   __FINITE_MATH_ONLY__=0
   __FLOAT_WORD_ORDER__=__ORDER_LITTLE_ENDIAN__
   __FLT_DECIMAL_DIG__=9
   __FLT_DENORM_MIN__=1.40129846432481707092e-45F
   __FLT_DIG__=6
   __FLT_EPSILON__=1.19209289550781250000e-7F
   __FLT_EVAL_METHOD__=2
   __FLT_HAS_DENORM__=1
   __FLT_HAS_INFINITY__=1
   __FLT_HAS_QUIET_NAN__=1
   __FLT_MANT_DIG__=24
   __FLT_MAX_10_EXP__=38
   __FLT_MAX_EXP__=128
   __FLT_MAX__=3.40282346638528859812e+38F
   __FLT_MIN_10_EXP__=(-37)
   __FLT_MIN_EXP__=(-125)
   __FLT_MIN__=1.17549435082228750797e-38F
   __FLT_RADIX__=2
   __GCC_ATOMIC_BOOL_LOCK_FREE=2
   __GCC_ATOMIC_CHAR16_T_LOCK_FREE=2
   __GCC_ATOMIC_CHAR32_T_LOCK_FREE=2
   __GCC_ATOMIC_CHAR_LOCK_FREE=2
   __GCC_ATOMIC_INT_LOCK_FREE=2
   __GCC_ATOMIC_LLONG_LOCK_FREE=2
   __GCC_ATOMIC_LONG_LOCK_FREE=2
   __GCC_ATOMIC_POINTER_LOCK_FREE=2
   __GCC_ATOMIC_SHORT_LOCK_FREE=2
   __GCC_ATOMIC_TEST_AND_SET_TRUEVAL=1
   __GCC_ATOMIC_WCHAR_T_LOCK_FREE=2
   __GCC_HAVE_DWARF2_CFI_ASM=1
   __GCC_HAVE_SYNC_COMPARE_AND_SWAP_1=1
   __GCC_HAVE_SYNC_COMPARE_AND_SWAP_2=1
   __GCC_HAVE_SYNC_COMPARE_AND_SWAP_4=1
   __GCC_HAVE_SYNC_COMPARE_AND_SWAP_8=1
   __GCC_IEC_559=2
   __GCC_IEC_559_COMPLEX=2
   __GNUC_GNU_INLINE__=1
   __GNUC_MINOR__=9
   __GNUC_PATCHLEVEL__=3
   __GNUC__=4
   __GXX_ABI_VERSION=1002
   __GXX_MERGED_TYPEINFO_NAMES=0
   __GXX_TYPEINFO_EQUALITY_INLINE=0
   __has_include(STR)=__has_include__(STR)
   __has_include_next(STR)=__has_include_next__(STR)
   __i386=1
   __i386__=1
   __i586=1
   __i586__=1
   __INT16_C(c)=c
   __INT16_MAX__=32767
   __INT16_TYPE__=short int
   __INT32_C(c)=c
   __INT32_MAX__=2147483647
   __INT32_TYPE__=int
   __INT64_C(c)=c ## LL
   __INT64_MAX__=9223372036854775807LL
   __INT64_TYPE__=long long int
   __INT8_C(c)=c
   __INT8_MAX__=127
   __INT8_TYPE__=signed char
   __INTMAX_C(c)=c ## LL
   __INTMAX_MAX__=9223372036854775807LL
   __INTMAX_TYPE__=long long int
   __INTPTR_MAX__=2147483647
   __INTPTR_TYPE__=int
   __INT_FAST16_MAX__=32767
   __INT_FAST16_TYPE__=short int
   __INT_FAST32_MAX__=2147483647
   __INT_FAST32_TYPE__=int
   __INT_FAST64_MAX__=9223372036854775807LL
   __INT_FAST64_TYPE__=long long int
   __INT_FAST8_MAX__=127
   __INT_FAST8_TYPE__=signed char
   __INT_LEAST16_MAX__=32767
   __INT_LEAST16_TYPE__=short int
   __INT_LEAST32_MAX__=2147483647
   __INT_LEAST32_TYPE__=int
   __INT_LEAST64_MAX__=9223372036854775807LL
   __INT_LEAST64_TYPE__=long long int
   __INT_LEAST8_MAX__=127
   __INT_LEAST8_TYPE__=signed char
   __INT_MAX__=2147483647
   __LDBL_DENORM_MIN__=3.64519953188247460253e-4951L
   __LDBL_DIG__=18
   __LDBL_EPSILON__=1.08420217248550443401e-19L
   __LDBL_HAS_DENORM__=1
   __LDBL_HAS_INFINITY__=1
   __LDBL_HAS_QUIET_NAN__=1
   __LDBL_MANT_DIG__=64
   __LDBL_MAX_10_EXP__=4932
   __LDBL_MAX_EXP__=16384
   __LDBL_MAX__=1.18973149535723176502e+4932L
   __LDBL_MIN_10_EXP__=(-4931)
   __LDBL_MIN_EXP__=(-16381)
   __LDBL_MIN__=3.36210314311209350626e-4932L
   __LONG_LONG_MAX__=9223372036854775807LL
   __LONG_MAX__=2147483647L
   __MINGW32__=1
   __MSVCRT__=1
   __NO_INLINE__=1
   __ORDER_BIG_ENDIAN__=4321
   __ORDER_LITTLE_ENDIAN__=1234
   __ORDER_PDP_ENDIAN__=3412
   __pentium=1
   __pentium__=1
   __PRAGMA_REDEFINE_EXTNAME=1
   __PTRDIFF_MAX__=2147483647
   __PTRDIFF_TYPE__=int
   __REGISTER_PREFIX__=
   __SCHAR_MAX__=127
   __SHRT_MAX__=32767
   __SIG_ATOMIC_MAX__=2147483647
   __SIG_ATOMIC_MIN__=(-__SIG_ATOMIC_MAX__ - 1)
   __SIG_ATOMIC_TYPE__=int
   __SIZEOF_DOUBLE__=8
   __SIZEOF_FLOAT__=4
   __SIZEOF_INT__=4
   __SIZEOF_LONG_DOUBLE__=12
   __SIZEOF_LONG_LONG__=8
   __SIZEOF_LONG__=4
   __SIZEOF_POINTER__=4
   __SIZEOF_PTRDIFF_T__=4
   __SIZEOF_SHORT__=2
   __SIZEOF_SIZE_T__=4
   __SIZEOF_WCHAR_T__=2
   __SIZEOF_WINT_T__=2
   __SIZE_MAX__=4294967295U
   __SIZE_TYPE__=unsigned int
   __stdcall=__attribute__((__stdcall__))
   __STDC_HOSTED__=1
   __STDC__=1
   __thiscall=__attribute__((__thiscall__))
   __UINT16_C(c)=c
   __UINT16_MAX__=65535
   __UINT16_TYPE__=short unsigned int
   __UINT32_C(c)=c ## U
   __UINT32_MAX__=4294967295U
   __UINT32_TYPE__=unsigned int
   __UINT64_C(c)=c ## ULL
   __UINT64_MAX__=18446744073709551615ULL
   __UINT64_TYPE__=long long unsigned int
   __UINT8_C(c)=c
   __UINT8_MAX__=255
   __UINT8_TYPE__=unsigned char
   __UINTMAX_C(c)=c ## ULL
   __UINTMAX_MAX__=18446744073709551615ULL
   __UINTMAX_TYPE__=long long unsigned int
   __UINTPTR_MAX__=4294967295U
   __UINTPTR_TYPE__=unsigned int
   __UINT_FAST16_MAX__=65535
   __UINT_FAST16_TYPE__=short unsigned int
   __UINT_FAST32_MAX__=4294967295U
   __UINT_FAST32_TYPE__=unsigned int
   __UINT_FAST64_MAX__=18446744073709551615ULL
   __UINT_FAST64_TYPE__=long long unsigned int
   __UINT_FAST8_MAX__=255
   __UINT_FAST8_TYPE__=unsigned char
   __UINT_LEAST16_MAX__=65535
   __UINT_LEAST16_TYPE__=short unsigned int
   __UINT_LEAST32_MAX__=4294967295U
   __UINT_LEAST32_TYPE__=unsigned int
   __UINT_LEAST64_MAX__=18446744073709551615ULL
   __UINT_LEAST64_TYPE__=long long unsigned int
   __UINT_LEAST8_MAX__=255
   __UINT_LEAST8_TYPE__=unsigned char
   __USER_LABEL_PREFIX__=_
   __VERSION__="4.9.3"
   __WCHAR_MAX__=65535
   __WCHAR_MIN__=0
   __WCHAR_TYPE__=short unsigned int
   __WIN32=1
   __WIN32__=1
   __WINNT=1
   __WINNT__=1
   __WINT_MAX__=65535
   __WINT_MIN__=0
   __WINT_TYPE__=short unsigned int

Macro definitions (from language + headers in index):
   APB_CLK_FREQ=CPU_CLK_FREQ
   API_LIB_DEBUG=LWIP_DBG_OFF
   API_MSG_DEBUG=LWIP_DBG_OFF
   AP_NETIF=0x01
   ARP_QUEUEING=1
   ARP_TABLE_SIZE=10
   at_backError=uart0_sendStr("\r\nERROR\r\n")
   at_backOk=uart0_sendStr("\r\nOK\r\n")
   at_backTeError="+CTE ERROR: %d\r\n"
   at_procTaskPrio=1
   at_procTaskQueueLen=1
   at_recvTaskPrio=0
   at_recvTaskQueueLen=64
   AUTOIP_DEBUG=LWIP_DBG_OFF
   BIG_ENDIAN=4321
   BIT(nr)=(1UL << (nr))
   BIT0=((u32)0x00000001)
   BIT10=((u32)0x00000400)
   BIT11=((u32)0x00000800)
   BIT12=((u32)0x00001000)
   BIT13=((u32)0x00002000)
   BIT14=((u32)0x00004000)
   BIT15=((u32)0x00008000)
   BIT16=((u32)0x00010000)
   BIT17=((u32)0x00020000)
   BIT18=((u32)0x00040000)
   BIT19=((u32)0x00080000)
   BIT1=((u32)0x00000002)
   BIT20=((u32)0x00100000)
   BIT21=((u32)0x00200000)
   BIT22=((u32)0x00400000)
   BIT23=((u32)0x00800000)
   BIT24=((u32)0x01000000)
   BIT25=((u32)0x02000000)
   BIT26=((u32)0x04000000)
   BIT27=((u32)0x08000000)
   BIT28=((u32)0x10000000)
   BIT29=((u32)0x20000000)
   BIT2=((u32)0x00000004)
   BIT30=((u32)0x40000000)
   BIT31=((u32)0x80000000)
   BIT3=((u32)0x00000008)
   BIT4=((u32)0x00000010)
   BIT5=((u32)0x00000020)
   BIT6=((u32)0x00000040)
   BIT7=((u32)0x00000080)
   BIT8=((u32)0x00000100)
   BIT9=((u32)0x00000200)
   BOOL=bool
   BYTE_ORDER=LITTLE_ENDIAN
   CHECKSUM_CHECK_IP=1
   CHECKSUM_CHECK_TCP=1
   CHECKSUM_CHECK_UDP=1
   CHECKSUM_GEN_IP=1
   CHECKSUM_GEN_TCP=1
   CHECKSUM_GEN_UDP=1
   CLEAR_PERI_REG_MASK(reg,mask)=WRITE_PERI_REG((reg), (READ_PERI_REG(reg)&(~(mask))))
   CPU_CLK_FREQ=80*1000000
   DATA_IRAM_ATTR=__attribute__((aligned(4), section(".iram.data")))
   DEBUG_LEVEL=3
   DEFAULT_ACCEPTMBOX_SIZE=0
   DEFAULT_RAW_RECVMBOX_SIZE=0
   DEFAULT_TCP_RECVMBOX_SIZE=0
   DEFAULT_THREAD_NAME="lwIP"
   DEFAULT_THREAD_PRIO=1
   DEFAULT_THREAD_STACKSIZE=0
   DEFAULT_UDP_RECVMBOX_SIZE=0
   DHCP_DEBUG=LWIP_DBG_OFF
   DHCP_DOES_ARP_CHECK=((LWIP_DHCP) && (LWIP_ARP))
   DHCP_MAXRTX=(*(volatile uint32*)0x600011E0)
   DMEM_ATTR=__attribute__((section(".bss")))
   DNS_DEBUG=LWIP_DBG_OFF
   DNS_DOES_NAME_CHECK=1
   DNS_LOCAL_HOSTLIST=0
   DNS_LOCAL_HOSTLIST_IS_DYNAMIC=0
   DNS_MAX_NAME_LENGTH=256
   DNS_MAX_SERVERS=2
   DNS_MSG_SIZE=512
   DNS_RRCLASS_CH=3
   DNS_RRCLASS_CS=2
   DNS_RRCLASS_FLUSH=0x800
   DNS_RRCLASS_HS=4
   DNS_RRCLASS_IN=1
   DNS_RRTYPE_A=1
   DNS_RRTYPE_CNAME=5
   DNS_RRTYPE_HINFO=13
   DNS_RRTYPE_MB=7
   DNS_RRTYPE_MD=3
   DNS_RRTYPE_MF=4
   DNS_RRTYPE_MG=8
   DNS_RRTYPE_MINFO=14
   DNS_RRTYPE_MR=9
   DNS_RRTYPE_MX=15
   DNS_RRTYPE_NS=2
   DNS_RRTYPE_NULL=10
   DNS_RRTYPE_PTR=12
   DNS_RRTYPE_SOA=6
   DNS_RRTYPE_TXT=16
   DNS_RRTYPE_WKS=11
   DNS_TABLE_SIZE=4
   DNS_TMR_INTERVAL=1000
   EFAULT=14
   ERR_ABRT=-8
   ERR_ARG=-12
   ERR_BUF=-2
   ERR_CLSD=-10
   ERR_CONN=-11
   ERR_IF=-14
   ERR_INPROGRESS=-5
   ERR_ISCONN=-15
   ERR_IS_FATAL(e)=((e) < ERR_WOULDBLOCK)
   ERR_MEM=-1
   ERR_OK=0
   ERR_RST=-9
   ERR_RTE=-4
   ERR_TIMEOUT=-3
   ERR_USE=-13
   ERR_VAL=-6
   ERR_WOULDBLOCK=-7
   ESPCONN_ABRT=-8
   ESPCONN_AP=0x02
   ESPCONN_AP_STA=0x03
   ESPCONN_ARG=-12
   ESPCONN_CLSD=-10
   ESPCONN_CONN=-11
   espconn_copy_disabled(espconn)=(((espconn)->pcommon.espconn_opt & ESPCONN_COPY) != 0)
   espconn_copy_enabled(espconn)=(((espconn)->pcommon.espconn_opt & ESPCONN_COPY) == 0)
   espconn_delay_disabled(espconn)=(((espconn)->pcommon.espconn_opt & ESPCONN_NODELAY) != 0)
   espconn_delay_enabled(espconn)=(((espconn)->pcommon.espconn_opt & ESPCONN_NODELAY) == 0)
   ESPCONN_HANDSHAKE=-28
   ESPCONN_IF=-14
   ESPCONN_INPROGRESS=-5
   ESPCONN_ISCONN=-15
   espconn_keepalive_disabled(espconn)=(((espconn)->pcommon.espconn_opt & ESPCONN_KEEPALIVE) != 0)
   espconn_keepalive_enabled(espconn)=(((espconn)->pcommon.espconn_opt & ESPCONN_KEEPALIVE) == 0)
   ESPCONN_MAXNUM=-7
   ESPCONN_MEM=-1
   ESPCONN_NORM=0x00
   ESPCONN_OK=0
   espconn_printf(fmt,args...)=
   ESPCONN_PROTO_MSG=-61
   ESPCONN_RESP_TIMEOUT=-29
   espconn_reuse_disabled(espconn)=(((espconn)->pcommon.espconn_opt & ESPCONN_REUSEADDR) != 0)
   ESPCONN_RST=-9
   ESPCONN_RTE=-4
   ESPCONN_SSL=0x01
   ESPCONN_STA=0x01
   espconn_TaskPrio=26
   espconn_TaskQueueLen=15
   ESPCONN_TIMEOUT=-3
   ESP_U32_DIFF(a,b)=(((a) >= (b)) ? ((a) - (b)) : (((a) + ((b) ^ 0xFFFFFFFF) + 1)))
   ETHARP_DEBUG=LWIP_DBG_OFF
   ETHARP_STATS=0
   ETHARP_SUPPORT_STATIC_ENTRIES=0
   ETHARP_SUPPORT_VLAN=0
   ETHARP_TRUST_IP_MAC=1
   ETH_PAD_SIZE=0
   ETS_FRC1_INTR_DISABLE()=ETS_INTR_DISABLE(ETS_FRC_TIMER1_INUM)
   ETS_FRC1_INTR_ENABLE()=ETS_INTR_ENABLE(ETS_FRC_TIMER1_INUM)
   ETS_FRC_TIMER1_INTR_ATTACH(func,arg)=ets_isr_attach(ETS_FRC_TIMER1_INUM, (func), (void *)(arg))
   ETS_FRC_TIMER1_INUM=9
   ETS_FRC_TIMER1_NMI_INTR_ATTACH(func)=NmiTimSetFunc(func)
   ETS_GPIO_INTR_ATTACH(func,arg)=ets_isr_attach(ETS_GPIO_INUM, (func), (void *)(arg))
   ETS_GPIO_INTR_DISABLE()=ETS_INTR_DISABLE(ETS_GPIO_INUM)
   ETS_GPIO_INTR_ENABLE()=ETS_INTR_ENABLE(ETS_GPIO_INUM)
   ETS_GPIO_INUM=4
   ETS_INTR_DISABLE(inum)=ets_isr_mask((1<<inum))
   ETS_INTR_ENABLE(inum)=ets_isr_unmask((1<<inum))
   ETS_INTR_LOCK()=ets_intr_lock()
   ETS_INTR_UNLOCK()=ets_intr_unlock()
   ETS_SPI_INTR_ATTACH(func,arg)=ets_isr_attach(ETS_SPI_INUM, (func), (void *)(arg))
   ETS_SPI_INTR_ENABLE()=ETS_INTR_ENABLE(ETS_SPI_INUM)
   ETS_SPI_INUM=2
   ETS_UART1_INUM=5
   ETS_UART_INTR_ATTACH(func,arg)=ets_isr_attach(ETS_UART_INUM, (func), (void *)(arg))
   ETS_UART_INTR_DISABLE()=ETS_INTR_DISABLE(ETS_UART_INUM)
   ETS_UART_INTR_ENABLE()=ETS_INTR_ENABLE(ETS_UART_INUM)
   ETS_UART_INUM=5
   false=(0)
   FALSE=false
   FIXED_RATE_MASK_ALL=0x03
   FIXED_RATE_MASK_AP=0x02
   FIXED_RATE_MASK_NONE=0x00
   FIXED_RATE_MASK_STA=0x01
   GET_PERI_REG_BITS(reg,hipos,lowpos)=((READ_PERI_REG(reg)>>(lowpos))&((1<<((hipos)-(lowpos)+1))-1))
   htonl(x)=lwip_htonl(x)
   htons(x)=lwip_htons(x)
   ICACHE_FLASH_ATTR=
   ICACHE_RODATA_ATTR=
   ICMP_DEBUG=LWIP_DBG_OFF
   ICMP_STATS=0
   ICMP_TTL=(IP_DEFAULT_TTL)
   IGMP_DEBUG=LWIP_DBG_OFF
   IGMP_STATS=0
   INET_DEBUG=LWIP_DBG_OFF
   IP2STR(ipaddr)=((u8_t*)(ipaddr))[0], ((u8_t*)(ipaddr))[1], ((u8_t*)(ipaddr))[2], ((u8_t*)(ipaddr))[3]
   IP2STR(ipaddr)=ip4_addr1_16(ipaddr), ip4_addr2_16(ipaddr), ip4_addr3_16(ipaddr), ip4_addr4_16(ipaddr)
   IP4_ADDR(ipaddr,a,b,c,d)=(ipaddr)->addr = ((u32_t)((d) & 0xff) << 24) | ((u32_t)((c) & 0xff) << 16) | ((u32_t)((b) & 0xff) << 8) | (u32_t)((a) & 0xff)
   IP4_ADDR(ipaddr,a,b,c,d)=(ipaddr)->addr = ((uint32)((d) & 0xff) << 24) | ((uint32)((c) & 0xff) << 16) | ((uint32)((b) & 0xff) << 8) | (uint32)((a) & 0xff)
   ip4_addr1(ipaddr)=(((u8_t*)(ipaddr))[0])
   ip4_addr1(ipaddr)=(((uint8*)(ipaddr))[0])
   ip4_addr1_16(ipaddr)=((u16_t)ip4_addr1(ipaddr))
   ip4_addr1_16(ipaddr)=((uint16)ip4_addr1(ipaddr))
   ip4_addr2(ipaddr)=(((u8_t*)(ipaddr))[1])
   ip4_addr2(ipaddr)=(((uint8*)(ipaddr))[1])
   ip4_addr2_16(ipaddr)=((u16_t)ip4_addr2(ipaddr))
   ip4_addr2_16(ipaddr)=((uint16)ip4_addr2(ipaddr))
   ip4_addr3(ipaddr)=(((u8_t*)(ipaddr))[2])
   ip4_addr3(ipaddr)=(((uint8*)(ipaddr))[2])
   ip4_addr3_16(ipaddr)=((u16_t)ip4_addr3(ipaddr))
   ip4_addr3_16(ipaddr)=((uint16)ip4_addr3(ipaddr))
   ip4_addr4(ipaddr)=(((u8_t*)(ipaddr))[3])
   ip4_addr4(ipaddr)=(((uint8*)(ipaddr))[3])
   ip4_addr4_16(ipaddr)=((u16_t)ip4_addr4(ipaddr))
   ip4_addr4_16(ipaddr)=((uint16)ip4_addr4(ipaddr))
   ip4_addr_get_u32(src_ipaddr)=((src_ipaddr)->addr)
   ip4_addr_set_u32(dest_ipaddr,src_u32)=((dest_ipaddr)->addr = (src_u32))
   IP4_WORD(a,b,c,d)=(((uint32)((d) & 0xff) << 24) | ((uint32)((c) & 0xff) << 16) | ((uint32)((b) & 0xff) << 8) | (uint32)((a) & 0xff))
   IPADDR2_COPY(dest,src)=SMEMCPY(dest, src, sizeof(ip_addr_t))
   IPADDR_ANY=((u32_t)0x00000000UL)
   IPADDR_ANY=((uint32)0x00000000UL)
   IPADDR_BROADCAST=((u32_t)0xffffffffUL)
   IPADDR_LOOPBACK=((u32_t)0x7f000001UL)
   IPADDR_NONE=((u32_t)0xffffffffUL)
   IPADDR_NONE=((uint32)0xffffffffUL)
   IPFRAG_STATS=0
   IPSTR="%d.%d.%d.%d"
   IP_ADDR_ANY=((ip_addr_t *)&ip_addr_any)
   IP_ADDR_BROADCAST=((ip_addr_t *)&ip_addr_broadcast)
   ip_addr_cmp(addr1,addr2)=((addr1)->addr == (addr2)->addr)
   ip_addr_copy(dest,src)=((dest).addr = (src).addr)
   ip_addr_debug_print(debug,ipaddr)=LWIP_DEBUGF(debug, ("%"U16_F".%"U16_F".%"U16_F".%"U16_F, ipaddr != NULL ? ip4_addr1_16(ipaddr) : 0, ipaddr != NULL ? ip4_addr2_16(ipaddr) : 0, ipaddr != NULL ? ip4_addr3_16(ipaddr) : 0, ipaddr != NULL ? ip4_addr4_16(ipaddr) : 0))
   ip_addr_get_network(target,host,netmask)=((target)->addr = ((host)->addr) & ((netmask)->addr))
   ip_addr_isany(addr1)=((addr1) == NULL || (addr1)->addr == IPADDR_ANY)
   ip_addr_isbroadcast(ipaddr,netif)=ip4_addr_isbroadcast((ipaddr)->addr, (netif))
   ip_addr_islinklocal(addr1)=(((addr1)->addr & PP_HTONL(0xffff0000UL)) == PP_HTONL(0xa9fe0000UL))
   ip_addr_ismulticast(addr1)=(((addr1)->addr & PP_HTONL(0xf0000000UL)) == PP_HTONL(0xe0000000UL))
   ip_addr_netcmp(addr1,addr2,mask)=(((addr1)->addr & (mask)->addr) == ((addr2)->addr & (mask)->addr))
   ip_addr_netmask_valid(netmask)=ip4_addr_netmask_valid((netmask)->addr)
   ip_addr_set(dest,src)=((dest)->addr = ((src) == NULL ? 0 : (src)->addr))
   ip_addr_set_any(ipaddr)=((ipaddr)->addr = IPADDR_ANY)
   ip_addr_set_hton(dest,src)=((dest)->addr = ((src) == NULL ? 0: htonl((src)->addr)))
   ip_addr_set_loopback(ipaddr)=((ipaddr)->addr = PP_HTONL(IPADDR_LOOPBACK))
   ip_addr_set_zero(ipaddr)=((ipaddr)->addr = 0)
   IP_BADCLASS(a)=(((u32_t)(a) & 0xf0000000UL) == 0xf0000000UL)
   IP_CLASSA(a)=((((u32_t)(a)) & 0x80000000UL) == 0)
   IP_CLASSA_HOST=(0xffffffff & ~IP_CLASSA_NET)
   IP_CLASSA_MAX=128
   IP_CLASSA_NET=0xff000000
   IP_CLASSA_NSHIFT=24
   IP_CLASSB(a)=((((u32_t)(a)) & 0xc0000000UL) == 0x80000000UL)
   IP_CLASSB_HOST=(0xffffffff & ~IP_CLASSB_NET)
   IP_CLASSB_MAX=65536
   IP_CLASSB_NET=0xffff0000
   IP_CLASSB_NSHIFT=16
   IP_CLASSC(a)=((((u32_t)(a)) & 0xe0000000UL) == 0xc0000000UL)
   IP_CLASSC_HOST=(0xffffffff & ~IP_CLASSC_NET)
   IP_CLASSC_NET=0xffffff00
   IP_CLASSC_NSHIFT=8
   IP_CLASSD(a)=(((u32_t)(a) & 0xf0000000UL) == 0xe0000000UL)
   IP_CLASSD_HOST=0x0fffffff
   IP_CLASSD_NET=0xf0000000
   IP_CLASSD_NSHIFT=28
   IP_DEBUG=LWIP_DBG_OFF
   IP_DEFAULT_TTL=255
   IP_EXPERIMENTAL(a)=(((u32_t)(a) & 0xf0000000UL) == 0xf0000000UL)
   IP_FORWARD=0
   IP_FRAG=0
   IP_FRAG_MAX_MTU=1500
   IP_FRAG_USES_STATIC_BUF=1
   IP_LOOPBACKNET=127
   IP_MULTICAST(a)=IP_CLASSD(a)
   ip_ntoa(ipaddr)=ipaddr_ntoa(ipaddr)
   IP_OPTIONS_ALLOWED=1
   IP_REASSEMBLY=0
   IP_REASS_DEBUG=LWIP_DBG_OFF
   IP_REASS_MAXAGE=3
   IP_REASS_MAX_PBUFS=10
   IP_SOF_BROADCAST=0
   IP_SOF_BROADCAST_RECV=0
   IP_STATS=0
   LIMIT_RATE_MASK_ALL=0x03
   LIMIT_RATE_MASK_AP=0x02
   LIMIT_RATE_MASK_NONE=0x00
   LIMIT_RATE_MASK_STA=0x01
   linkMax=15
   LINK_STATS=0
   LITTLE_ENDIAN=1234
   LOCAL=static
   LWIP_ALLOW_MEM_FREE_FROM_OTHER_CONTEXT=0
   LWIP_ARP=1
   LWIP_ASSERT(message,assertion)=do { if(!(assertion)) LWIP_PLATFORM_ASSERT(message); } while(0)
   LWIP_AUTOIP=0
   LWIP_BROADCAST_PING=0
   LWIP_CALLBACK_API=1
   LWIP_CHECKSUM_ON_COPY=0
   LWIP_COMPAT_SOCKETS=0
   LWIP_DBG_FRESH=0x10U
   LWIP_DBG_HALT=0x08U
   LWIP_DBG_LEVEL_ALL=0x00
   LWIP_DBG_LEVEL_OFF=LWIP_DBG_LEVEL_ALL
   LWIP_DBG_LEVEL_SERIOUS=0x02
   LWIP_DBG_LEVEL_SEVERE=0x03
   LWIP_DBG_LEVEL_WARNING=0x01
   LWIP_DBG_MASK_LEVEL=0x03
   LWIP_DBG_MIN_LEVEL=LWIP_DBG_LEVEL_ALL
   LWIP_DBG_OFF=0x00U
   LWIP_DBG_ON=0x80U
   LWIP_DBG_STATE=0x20U
   LWIP_DBG_TRACE=0x40U
   LWIP_DBG_TYPES_ON=LWIP_DBG_OFF
   LWIP_DEBUGF(debug,message)=
   LWIP_DHCP=1
   LWIP_DHCP_AUTOIP_COOP=0
   LWIP_DHCP_AUTOIP_COOP_TRIES=9
   LWIP_DNS=1
   LWIP_ERROR(message,expression,handler)=do { if (!(expression)) { LWIP_PLATFORM_ASSERT(message); handler;}} while(0)
   LWIP_ETHERNET=(LWIP_ARP || PPPOE_SUPPORT)
   LWIP_EVENT_API=0
   LWIP_HAVE_LOOPIF=0
   LWIP_HAVE_SLIPIF=0
   lwip_htonl(x)=LWIP_PLATFORM_HTONL(x)
   lwip_htons(x)=LWIP_PLATFORM_HTONS(x)
   LWIP_ICMP=1
   LWIP_IGMP=1
   LWIP_LOOPBACK_MAX_PBUFS=0
   LWIP_MAKE_U16(a,b)=((a << 8) | b)
   LWIP_MAX(x,y)=(((x) > (y)) ? (x) : (y))
   LWIP_MDNS=1
   LWIP_MIN(x,y)=(((x) < (y)) ? (x) : (y))
   LWIP_MULTICAST_PING=0
   LWIP_NETBUF_RECVINFO=0
   LWIP_NETCONN=0
   LWIP_NETIF_API=0
   LWIP_NETIF_HOSTNAME=1
   LWIP_NETIF_HWADDRHINT=0
   LWIP_NETIF_LINK_CALLBACK=0
   LWIP_NETIF_LOOPBACK=0
   LWIP_NETIF_LOOPBACK_MULTITHREADING=(!NO_SYS)
   LWIP_NETIF_STATUS_CALLBACK=0
   LWIP_NETIF_TX_SINGLE_PBUF=1
   lwip_ntohl(x)=LWIP_PLATFORM_HTONL(x)
   lwip_ntohs(x)=LWIP_PLATFORM_HTONS(x)
   LWIP_PLATFORM_ASSERT(x)=
   LWIP_PLATFORM_BYTESWAP=1
   LWIP_PLATFORM_DIAG(x)=
   LWIP_PLATFORM_HTONL(_n)=((u32_t)( (((_n) & 0xff) << 24) | (((_n) & 0xff00) << 8) | (((_n) >> 8) & 0xff00) | (((_n) >> 24) & 0xff) ))
   LWIP_PLATFORM_HTONS(_n)=((u16_t)((((_n) & 0xff) << 8) | (((_n) >> 8) & 0xff)))
   LWIP_POSIX_SOCKETS_IO_NAMES=0
   LWIP_RAW=1
   LWIP_SNMP=0
   LWIP_SOCKET=0
   LWIP_SO_RCVBUF=0
   LWIP_SO_RCVTIMEO=0
   LWIP_STATS=0
   LWIP_STATS_DISPLAY=0
   lwip_strerr(x)=""
   LWIP_TCP=1
   LWIP_TCPIP_CORE_LOCKING=0
   LWIP_TCPIP_CORE_LOCKING_INPUT=0
   LWIP_TCPIP_TIMEOUT=1
   LWIP_TCP_KEEPALIVE=1
   LWIP_TCP_TIMESTAMPS=0
   LWIP_U32_DIFF(a,b)=(((a) >= (b)) ? ((a) - (b)) : (((a) + ((b) ^ 0xFFFFFFFF) + 1)))
   LWIP_UDP=1
   LWIP_UDPLITE=0
   LWIP_UNUSED_ARG(x)=(void)x
   MAC2STR(a)=(a)[0], (a)[1], (a)[2], (a)[3], (a)[4], (a)[5]
   MACSTR="%02x:%02x:%02x:%02x:%02x:%02x"
   MEMCPY(dst,src,len)=os_memcpy(dst,src,len)
   MEMP_DEBUG=LWIP_DBG_OFF
   MEMP_MEM_MALLOC=1
   MEMP_NUM_ARP_QUEUE=10
   MEMP_NUM_FRAG_PBUF=0
   MEMP_NUM_IGMP_GROUP=8
   MEMP_NUM_LOCALHOSTLIST=0
   MEMP_NUM_NETBUF=0
   MEMP_NUM_NETCONN=0
   MEMP_NUM_NETDB=0
   MEMP_NUM_PBUF=10
   MEMP_NUM_PPPOE_INTERFACES=0
   MEMP_NUM_RAW_PCB=4
   MEMP_NUM_REASSDATA=0
   MEMP_NUM_SNMP_NODE=0
   MEMP_NUM_SNMP_ROOTNODE=0
   MEMP_NUM_SNMP_VALUE=0
   MEMP_NUM_SNMP_VARBIND=0
   MEMP_NUM_SYS_TIMEOUT=8
   MEMP_NUM_TCPIP_MSG_API=4
   MEMP_NUM_TCPIP_MSG_INPKT=4
   MEMP_NUM_TCP_PCB=(*(volatile uint32*)0x600011FC)
   MEMP_NUM_TCP_PCB_LISTEN=2
   MEMP_NUM_TCP_SEG=16
   MEMP_NUM_UDP_PCB=4
   MEMP_OVERFLOW_CHECK=0
   MEMP_SANITY_CHECK=1
   MEMP_SEPARATE_POOLS=1
   MEMP_STATS=0
   MEMP_USE_CUSTOM_POOLS=0
   MEM_ALIGNMENT=4
   MEM_DEBUG=LWIP_DBG_OFF
   MEM_LIBC_MALLOC=1
   MEM_SIZE=16000
   MEM_STATS=0
   MEM_USE_POOLS=0
   MEM_USE_POOLS_TRY_BIGGER_POOL=0
   NETDB_ELEM_SIZE=(32 + 16 + DNS_MAX_NAME_LENGTH + 1)
   NETIF_DEBUG=LWIP_DBG_OFF
   NO_SYS=1
   NO_SYS_NO_TIMERS=0
   ntohl(x)=lwip_ntohl(x)
   ntohs(x)=lwip_ntohs(x)
   NULL=((void *)0)
   NULL=(void *)0
   NULL_MODE=0x00
   NUM_BUFFERS=2
   os_bzero=ets_bzero
   os_delay_us=ets_delay_us
   os_event_t=ETSEvent
   os_install_putc1=ets_install_putc1
   os_memcmp=ets_memcmp
   os_memcpy=ets_memcpy
   os_memmove=ets_memmove
   os_memset=ets_memset
   os_param_t=ETSParam
   os_printf=os_printf_plus
   os_signal_t=ETSSignal
   os_sprintf=ets_sprintf
   os_strcat=strcat
   os_strchr=strchr
   os_strcmp=ets_strcmp
   os_strcpy=ets_strcpy
   os_strlen=ets_strlen
   os_strncmp=ets_strncmp
   os_strncpy=ets_strncpy
   os_strstr=ets_strstr
   os_task_t=ETSTask
   os_timer_arm(a,b,c)=ets_timer_arm_new(a, b, c, 1)
   os_timer_disarm=ets_timer_disarm
   os_timer_func_t=ETSTimerFunc
   os_timer_setfn=ets_timer_setfn
   os_timer_t=ETSTimer
   PACK_STRUCT_BEGIN=
   PACK_STRUCT_END=
   PACK_STRUCT_FIELD(x)=x
   PACK_STRUCT_STRUCT=__attribute__((packed))
   PBUF_DEBUG=LWIP_DBG_OFF
   PBUF_LINK_HLEN=(14 + ETH_PAD_SIZE)
   PBUF_POOL_BUFSIZE=LWIP_MEM_ALIGN_SIZE(TCP_MSS+40+PBUF_LINK_HLEN)
   PBUF_POOL_SIZE=10
   PPPOE_SUPPORT=0
   PPPOS_SUPPORT=PPP_SUPPORT
   PPP_DEBUG=LWIP_DBG_OFF
   PPP_SUPPORT=0
   PPP_THREAD_NAME="pppInputThread"
   PPP_THREAD_PRIO=1
   PPP_THREAD_STACKSIZE=0
   PP_HTONL(x)=((((x) & 0xff) << 24) | (((x) & 0xff00) << 8) | (((x) & 0xff0000UL) >> 8) | (((x) & 0xff000000UL) >> 24))
   PP_HTONS(x)=((((x) & 0xff) << 8) | (((x) & 0xff00) >> 8))
   PP_NTOHL(x)=PP_HTONL(x)
   PP_NTOHS(x)=PP_HTONS(x)
   QMD_SAVELINK(name,link)=
   RAW_DEBUG=LWIP_DBG_OFF
   RAW_TTL=(IP_DEFAULT_TTL)
   RC_LIMIT_11B=0
   RC_LIMIT_11G=1
   RC_LIMIT_11N=2
   RC_LIMIT_NUM=5
   RC_LIMIT_P2P_11G=3
   RC_LIMIT_P2P_11N=4
   READ_PERI_REG(addr)=(*((volatile uint32_t *)(addr)))
   RECV_BUFSIZE_DEFAULT=INT_MAX
   REG_CLR_BIT(_r,_b)=(*(volatile uint32_t*)(_r) &= ~(_b))
   REG_SET_BIT(_r,_b)=(*(volatile uint32_t*)(_r) |= (_b))
   S16_F="d"
   S32_F="d"
   SET_PERI_REG_BITS(reg,bit_map,value,shift)=(WRITE_PERI_REG((reg),(READ_PERI_REG(reg)&(~((bit_map)<<(shift))))|((value)<<(shift)) ))
   SET_PERI_REG_MASK(reg,mask)=WRITE_PERI_REG((reg), (READ_PERI_REG(reg)|(mask)))
   SHMEM_ATTR=
   SIZE_BUFFERS=16
   SLIPIF_THREAD_NAME="slipif_loop"
   SLIPIF_THREAD_PRIO=1
   SLIPIF_THREAD_STACKSIZE=0
   SLIP_DEBUG=LWIP_DBG_OFF
   SLIST_EMPTY(head)=((head)->slh_first == NULL)
   SLIST_ENTRY(type)=struct { struct type *sle_next; }
   SLIST_FIRST(head)=((head)->slh_first)
   SLIST_FOREACH(var,head,field)=for ((var) = SLIST_FIRST((head)); (var); (var) = SLIST_NEXT((var), field))
   SLIST_FOREACH_PREVPTR(var,varp,head,field)=for ((varp) = &SLIST_FIRST((head)); ((var) = *(varp)) != NULL; (varp) = &SLIST_NEXT((var), field))
   SLIST_FOREACH_SAFE(var,head,field,tvar)=for ((var) = SLIST_FIRST((head)); (var) && ((tvar) = SLIST_NEXT((var), field), 1); (var) = (tvar))
   SLIST_HEAD(name,type)=struct name { struct type *slh_first; }
   SLIST_HEAD_INITIALIZER(head)={ NULL }
   SLIST_INIT(head)=do { SLIST_FIRST((head)) = NULL; } while (0)
   SLIST_INSERT_AFTER(slistelm,elm,field)=do { SLIST_NEXT((elm), field) = SLIST_NEXT((slistelm), field); SLIST_NEXT((slistelm), field) = (elm); } while (0)
   SLIST_INSERT_HEAD(head,elm,field)=do { SLIST_NEXT((elm), field) = SLIST_FIRST((head)); SLIST_FIRST((head)) = (elm); } while (0)
   SLIST_NEXT(elm,field)=((elm)->field.sle_next)
   SLIST_REMOVE(head,elm,type,field)=do { QMD_SAVELINK(oldnext, (elm)->field.sle_next); if (SLIST_FIRST((head)) == (elm)) { SLIST_REMOVE_HEAD((head), field); } else { struct type *curelm = SLIST_FIRST((head)); while (SLIST_NEXT(curelm, field) != (elm)) curelm = SLIST_NEXT(curelm, field); SLIST_REMOVE_AFTER(curelm, field); } TRASHIT(*oldnext); } while (0)
   SLIST_REMOVE_AFTER(elm,field)=do { SLIST_NEXT(elm, field) = SLIST_NEXT(SLIST_NEXT(elm, field), field); } while (0)
   SLIST_REMOVE_HEAD(head,field)=do { SLIST_FIRST((head)) = SLIST_NEXT(SLIST_FIRST((head)), field); } while (0)
   SMEMCPY(dst,src,len)=os_memcpy(dst,src,len)
   SNMP_CONCURRENT_REQUESTS=0
   SNMP_MAX_OCTET_STRING_LEN=127
   SNMP_MAX_TREE_DEPTH=15
   SNMP_MAX_VALUE_SIZE=LWIP_MAX((SNMP_MAX_OCTET_STRING_LEN)+1, sizeof(s32_t)*(SNMP_MAX_TREE_DEPTH))
   SNMP_MIB_DEBUG=LWIP_DBG_OFF
   SNMP_MSG_DEBUG=LWIP_DBG_OFF
   SNMP_PRIVATE_MIB=0
   SNMP_SAFE_REQUESTS=0
   SNMP_TRAP_DESTINATIONS=0
   SOCKETS_DEBUG=LWIP_DBG_OFF
   SOFTAP_IF=0x01
   SOFTAP_MODE=0x02
   SO_REUSE=0
   SO_REUSE_RXTOALL=0
   SPI_FLASH_H=
   SPI_FLASH_SEC_SIZE=4096
   STAILQ_CONCAT(head1,head2)=do { if (!STAILQ_EMPTY((head2))) { *(head1)->stqh_last = (head2)->stqh_first; (head1)->stqh_last = (head2)->stqh_last; STAILQ_INIT((head2)); } } while (0)
   STAILQ_EMPTY(head)=((head)->stqh_first == NULL)
   STAILQ_ENTRY(type)=struct { struct type *stqe_next; }
   STAILQ_FIRST(head)=((head)->stqh_first)
   STAILQ_FOREACH(var,head,field)=for((var) = STAILQ_FIRST((head)); (var); (var) = STAILQ_NEXT((var), field))
   STAILQ_FOREACH_SAFE(var,head,field,tvar)=for ((var) = STAILQ_FIRST((head)); (var) && ((tvar) = STAILQ_NEXT((var), field), 1); (var) = (tvar))
   STAILQ_HEAD(name,type)=struct name { struct type *stqh_first; struct type **stqh_last; }
   STAILQ_HEAD_INITIALIZER(head)={ NULL, &(head).stqh_first }
   STAILQ_INIT(head)=do { STAILQ_FIRST((head)) = NULL; (head)->stqh_last = &STAILQ_FIRST((head)); } while (0)
   STAILQ_INSERT_AFTER(head,tqelm,elm,field)=do { if ((STAILQ_NEXT((elm), field) = STAILQ_NEXT((tqelm), field)) == NULL) (head)->stqh_last = &STAILQ_NEXT((elm), field); STAILQ_NEXT((tqelm), field) = (elm); } while (0)
   STAILQ_INSERT_CHAIN_HEAD(head,elm_chead,elm_ctail,field)=do { if ((STAILQ_NEXT(elm_ctail, field) = STAILQ_FIRST(head)) == NULL ) { (head)->stqh_last = &STAILQ_NEXT(elm_ctail, field); } STAILQ_FIRST(head) = (elm_chead); } while (0)
   STAILQ_INSERT_HEAD(head,elm,field)=do { if ((STAILQ_NEXT((elm), field) = STAILQ_FIRST((head))) == NULL) (head)->stqh_last = &STAILQ_NEXT((elm), field); STAILQ_FIRST((head)) = (elm); } while (0)
   STAILQ_INSERT_TAIL(head,elm,field)=do { STAILQ_NEXT((elm), field) = NULL; *(head)->stqh_last = (elm); (head)->stqh_last = &STAILQ_NEXT((elm), field); } while (0)
   STAILQ_LAST(head,type,field)=(STAILQ_EMPTY((head)) ? NULL : ((struct type *)(void *) ((char *)((head)->stqh_last) - __offsetof(struct type, field))))
   STAILQ_NEXT(elm,field)=((elm)->field.stqe_next)
   STAILQ_REMOVE(head,elm,type,field)=do { QMD_SAVELINK(oldnext, (elm)->field.stqe_next); if (STAILQ_FIRST((head)) == (elm)) { STAILQ_REMOVE_HEAD((head), field); } else { struct type *curelm = STAILQ_FIRST((head)); while (STAILQ_NEXT(curelm, field) != (elm)) curelm = STAILQ_NEXT(curelm, field); STAILQ_REMOVE_AFTER(head, curelm, field); } TRASHIT(*oldnext); } while (0)
   STAILQ_REMOVE_AFTER(head,elm,field)=do { if ((STAILQ_NEXT(elm, field) = STAILQ_NEXT(STAILQ_NEXT(elm, field), field)) == NULL) (head)->stqh_last = &STAILQ_NEXT((elm), field); } while (0)
   STAILQ_REMOVE_HEAD(head,field)=do { if ((STAILQ_FIRST((head)) = STAILQ_NEXT(STAILQ_FIRST((head)), field)) == NULL) (head)->stqh_last = &STAILQ_FIRST((head)); } while (0)
   STAILQ_SWAP(head1,head2,type)=do { struct type *swap_first = STAILQ_FIRST(head1); struct type **swap_last = (head1)->stqh_last; STAILQ_FIRST(head1) = STAILQ_FIRST(head2); (head1)->stqh_last = (head2)->stqh_last; STAILQ_FIRST(head2) = swap_first; (head2)->stqh_last = swap_last; if (STAILQ_EMPTY(head1)) (head1)->stqh_last = &STAILQ_FIRST(head1); if (STAILQ_EMPTY(head2)) (head2)->stqh_last = &STAILQ_FIRST(head2); } while (0)
   STATIONAP_MODE=0x03
   STATION_IF=0x00
   STATION_MODE=0x01
   STA_NETIF=0x00
   SYS_ARCH_DECL_PROTECT(x)=
   SYS_ARCH_PROTECT(x)=
   SYS_ARCH_UNPROTECT(x)=
   SYS_BOOT_ENHANCE_MODE=0
   SYS_BOOT_NORMAL_BIN=0
   SYS_BOOT_NORMAL_MODE=1
   SYS_BOOT_TEST_BIN=1
   SYS_CPU_160MHZ=160
   SYS_CPU_80MHZ=80
   SYS_DEBUG=LWIP_DBG_OFF
   SYS_LIGHTWEIGHT_PROT=0
   SYS_STATS=0
   SZT_F=U32_F
   TCPIP_DEBUG=LWIP_DBG_OFF
   TCPIP_MBOX_SIZE=0
   TCPIP_THREAD_NAME="tcpip_thread"
   TCPIP_THREAD_PRIO=1
   TCPIP_THREAD_STACKSIZE=0
   TCP_CALCULATE_EFF_SEND_MSS=1
   TCP_CWND_DEBUG=LWIP_DBG_OFF
   TCP_DEBUG=LWIP_DBG_OFF
   TCP_DEFAULT_LISTEN_BACKLOG=0xff
   TCP_FR_DEBUG=LWIP_DBG_OFF
   TCP_INPUT_DEBUG=LWIP_DBG_OFF
   TCP_LISTEN_BACKLOG=0
   TCP_MAXRTO=10
   TCP_MAXRTX=(*(volatile uint32*)0x600011E8)
   TCP_MINRTO=2
   TCP_MSS=1460
   TCP_OUTPUT_DEBUG=LWIP_DBG_OFF
   TCP_OVERSIZE=TCP_MSS
   TCP_QLEN_DEBUG=LWIP_DBG_OFF
   TCP_QUEUE_OOSEQ=1
   TCP_RST_DEBUG=LWIP_DBG_OFF
   TCP_RTO_DEBUG=LWIP_DBG_OFF
   TCP_SNDLOWAT=((TCP_SND_BUF)/2)
   TCP_SNDQUEUELOWAT=LWIP_MAX(((TCP_SND_QUEUELEN)/2), 5)
   TCP_SND_BUF=2 * TCP_MSS
   TCP_SND_QUEUELEN=((4 * (TCP_SND_BUF) + (TCP_MSS - 1))/(TCP_MSS))
   TCP_STATS=0
   TCP_SYNMAXRTX=(*(volatile uint32*)0x600011E4)
   TCP_TTL=(IP_DEFAULT_TTL)
   TCP_WND=(*(volatile uint32*)0x600011F0)
   TCP_WND_DEBUG=LWIP_DBG_OFF
   TCP_WND_UPDATE_THRESHOLD=(TCP_WND / 4)
   TIMERS_DEBUG=LWIP_DBG_OFF
   TIMER_CLK_FREQ=(APB_CLK_FREQ>>8)
   TRASHIT(x)=
   true=(1)
   TRUE=true
   U16_F="d"
   U32_F="d"
   UART_CLK_FREQ=APB_CLK_FREQ
   UDP_DEBUG=LWIP_DBG_OFF
   UDP_STATS=0
   UDP_TTL=(IP_DEFAULT_TTL)
   UPGRADE_FW_BIN1=0x00
   UPGRADE_FW_BIN2=0x01
   USER_FLASH_PAGE=0xFE0
   U_CHANNEL_NO_MAX=(9)
   U_GROUP_NO_MAX=(9)
   U_WI_FI_CH_MAX=(13)
   WRITE_PERI_REG(addr,val)=((*((volatile uint32_t *)(addr))) = (uint32_t)(val))
   X16_F="x"
   X32_F="x"
   X8_F="02x"
   _BEGIN_C_DECLS=
   _BSD_SIZE_T_=
   _BSD_SIZE_T_DEFINED_=
   _BSD_WCHAR_T_=
   _CRTALIAS=__CRT_INLINE __attribute__((__always_inline__))
   _CRTIMP=
   _C_TYPES_H_=
   _END_C_DECLS=
   _ETS_SYS_H_=
   _EXTERN_C=extern
   _GCC_SIZE_T=
   _GCC_WCHAR_T=
   _GLOBAL_H_=
   _MDNS_INFO=
   _OSAPI_H_=
   _OS_TYPES_H_=
   _POSIX_C_SOURCE=200809L
   _SIZET_=
   _SIZE_T=
   _SIZE_T_=
   _SIZE_T_DECLARED=
   _SIZE_T_DEFINED=
   _SIZE_T_DEFINED_=
   _STRING_H_=
   _SYS_QUEUE_H_=
   _SYS_SIZE_T_H=
   _T_SIZE=
   _T_SIZE_=
   _T_WCHAR=
   _T_WCHAR_=
   _USER_SETUP_H_=
   _WCHAR_T=
   _WCHAR_T_=
   _WCHAR_T_DECLARED=
   _WCHAR_T_DEFINED=
   _WCHAR_T_DEFINED_=
   _WCHAR_T_H=
   _wcscmpi=_wcsicmp
   _WSTRING_DEFINED=
   __ARCH_CC_H__=
   __AT_H=
   __BITS_H__=
   __builtin_constant_p(exp)=0
   __builtin_offsetof(T,m)=((size_t) &((T *)0)->m)
   __builtin_types_compatible_p(x,y)=__builtin_types_compatible_p(sizeof(x),sizeof(y))
   __builtin_va_arg(ap,type)=*(typeof(type) *)ap
   __CDT_PARSER__=1
   __complex__=_Complex
   __COUNTER__=0
   __CRT_ALIAS=__CRT_INLINE __attribute__((__always_inline__))
   __CRT_GLOB_BRACKET_GROUPS__=0x0020
   __CRT_GLOB_CASE_SENSITIVE__=0x0040
   __CRT_GLOB_ESCAPE_CHAR__=(char)(127)
   __CRT_GLOB_USE_MINGW__=0x0002
   __CRT_GLOB_USE_MSVCRT__=0x0001
   __CRT_GLOB_USE_SINGLE_QUOTE__=0x0010
   __CRT_INLINE=extern __inline__
   __DATE__="рту. 22 2016"
   __DECLSPEC_SUPPORTED=
   __ESPCONN_H__=
   __extension__=
   __FILE__="file"
   __forceinline=__attribute__((always_inline)) inline
   __hyper=long long
   __imag__=(int)
   __int16=short
   __int32=long
   __int64=long long
   __int8=char
   __INT_WCHAR_T_H=
   __IP_ADDR_H__=
   __JMPSTUB__(__BUILD_HINT__)=
   __le16=u16
   __LIBIMPL__(__BUILD_HINT__)=
   __LINE__=1
   __LWIPOPTS_H__=
   __LWIP_ARCH_H__=
   __LWIP_DEBUG_H__=
   __LWIP_DEF_H__=
   __LWIP_DNS_H__=
   __LWIP_ERR_H__=
   __LWIP_IP_ADDR_H__=
   __LWIP_OPT_H__=
   __MINGW32_MAJOR_VERSION=3
   __MINGW32_MINOR_VERSION=21
   __MINGW32_PATCHLEVEL=1
   __MINGW32_VERSION=3021001L
   __MINGW_ANSI_STDIO__=0x0000000000000001ULL
   __MINGW_ATTRIB_CONST=__attribute__ ((__const__))
   __MINGW_ATTRIB_DEPRECATED=__attribute__ ((__deprecated__))
   __MINGW_ATTRIB_MALLOC=__attribute__ ((__malloc__))
   __MINGW_ATTRIB_NONNULL(arg)=__attribute__ ((__nonnull__ (arg)))
   __MINGW_ATTRIB_NORETURN=__attribute__ ((__noreturn__))
   __MINGW_ATTRIB_PURE=__attribute__ ((__pure__))
   __MINGW_GNUC_PREREQ(major,minor)=(__GNUC__ > (major) || (__GNUC__ == (major) && __GNUC_MINOR__ >= (minor)))
   __MINGW_H=
   __MINGW_IMPORT=extern __attribute__ ((__dllimport__))
   __MINGW_LC_ENVVARS__=0x0000000000000040ULL
   __MINGW_LC_EXTENSIONS__=0x0000000000000050ULL
   __MINGW_LC_MESSAGES__=0x0000000000000010ULL
   __MINGW_NOTHROW=__attribute__ ((__nothrow__))
   __MSVCRT_VERSION__=0x0600
   __need_NULL=
   __need_size_t=
   __need_wchar_t=
   __null=(void *)0
   __offsetof__(x)=(x)
   __packed=__attribute__((packed))
   __real__=(int)
   __SIZE_T=
   __size_t__=
   __small=char
   __stdcall=
   __STDC_VERSION__=199901L
   __thread=
   __TIME__="13:49:14"
   __UNUSED_PARAM(x)=x __attribute__ ((__unused__))
   __USER_CONFIG_H__=
   __USER_INTERFACE_H__=
   __USE_MINGW_ANSI_STDIO=(__MINGW_FEATURES__ & __MINGW_ANSI_STDIO__)
   __WCHAR_T=
   __wchar_t__=
   ___int_size_t_h=
   ___int_wchar_t_h=

Unresolved names:
   Attempt to use symbol failed: softap_mac in file C:\Espressif\examples\UDP_SPI_project\app\user\user_setup.c:79
   Attempt to use symbol failed: softap_mac in file C:\Espressif\examples\UDP_SPI_project\app\user\user_setup.c:81
   Attempt to use symbol failed: softap_mac in file C:\Espressif\examples\UDP_SPI_project\app\user\user_setup.c:81
   Attempt to use symbol failed: softap_mac in file C:\Espressif\examples\UDP_SPI_project\app\user\user_setup.c:81
   Attempt to use symbol failed: softap_mac in file C:\Espressif\examples\UDP_SPI_project\app\user\user_setup.c:81
   Attempt to use symbol failed: softap_mac in file C:\Espressif\examples\UDP_SPI_project\app\user\user_setup.c:81
   Attempt to use symbol failed: softap_mac in file C:\Espressif\examples\UDP_SPI_project\app\user\user_setup.c:81
   Attempt to use symbol failed: softap_mac in file C:\Espressif\examples\UDP_SPI_project\app\user\user_setup.c:83
   Attempt to use symbol failed: sta_mac in file C:\Espressif\examples\UDP_SPI_project\app\user\user_setup.c:204
   Attempt to use symbol failed: sta_mac in file C:\Espressif\examples\UDP_SPI_project\app\user\user_setup.c:206
   Attempt to use symbol failed: sta_mac in file C:\Espressif\examples\UDP_SPI_project\app\user\user_setup.c:206
   Attempt to use symbol failed: sta_mac in file C:\Espressif\examples\UDP_SPI_project\app\user\user_setup.c:206
   Attempt to use symbol failed: sta_mac in file C:\Espressif\examples\UDP_SPI_project\app\user\user_setup.c:206
   Attempt to use symbol failed: sta_mac in file C:\Espressif\examples\UDP_SPI_project\app\user\user_setup.c:206
   Attempt to use symbol failed: sta_mac in file C:\Espressif\examples\UDP_SPI_project\app\user\user_setup.c:206
   Attempt to use symbol failed: sta_mac in file C:\Espressif\examples\UDP_SPI_project\app\user\user_setup.c:208

Written on Mon Aug 22 13:49:14 EEST 2016
